#
# A fatal error has been detected by the Java Runtime Environment:
#
#  SIGBUS (0xa) at pc=0x00000001575354e4, pid=61972, tid=6403
#
# JRE version: Java(TM) SE Runtime Environment (17.0.7+8) (build 17.0.7+8-LTS-224)
# Java VM: Java HotSpot(TM) 64-Bit Server VM (17.0.7+8-LTS-224, mixed mode, sharing, tiered, compressed oops, compressed class ptrs, g1 gc, bsd-aarch64)
# Problematic frame:
# v  ~StubRoutines::SafeFetch32
#
# No core dump will be written. Core dumps have been disabled. To enable core dumping, try "ulimit -c unlimited" before starting Java again
#
# JFR recording file will be written. Location: /Users/kangseungmin/Desktop/woowacourse/java-lotto-6/hs_err_pid61972.jfr
#
# If you would like to submit a bug report, please visit:
#   https://bugreport.java.com/bugreport/crash.jsp
#

---------------  S U M M A R Y ------------

Command Line: -Dorg.gradle.internal.worker.tmpdir=/Users/kangseungmin/Desktop/woowacourse/java-lotto-6/build/tmp/test/work -Dorg.gradle.native=false -agentpath:/private/var/folders/yf/gjfgf6ln6174lclcvt3pmlc00000gn/T/libasyncProfiler.so=start,jfr,event=cpu,interval=10ms,jfrsync=profile,cstack=no,file=/Users/kangseungmin/IdeaSnapshots/ApplicationTest___2023_11_08_162534.jfr,log=/private/var/folders/yf/gjfgf6ln6174lclcvt3pmlc00000gn/T/ApplicationTest___2023_11_08_162534.jfr.log.txt,logLevel=DEBUG -Xmx512m -Dfile.encoding=UTF-8 -Duser.country=KR -Duser.language=ko -Duser.variant -ea worker.org.gradle.process.internal.worker.GradleWorkerMain 'Gradle Test Executor 11'

Host: "Mac14,2" arm64 1 MHz, 8 cores, 8G, Darwin 22.2.0, macOS 13.1 (22C65)
Time: Wed Nov  8 16:25:37 2023 KST elapsed time: 1.628638 seconds (0d 0h 0m 1s)

---------------  T H R E A D  ---------------

Current thread (0x000000012713da00):  JavaThread "main" [_thread_in_Java, id=6403, stack(0x000000016af9c000,0x000000016b19f000)]

Stack: [0x000000016af9c000,0x000000016b19f000],  sp=0x000000016b19dbe0,  free space=2054k
Native frames: (J=compiled Java code, j=interpreted, Vv=VM code, C=native code)
v  ~StubRoutines::SafeFetch32
V  [libjvm.dylib+0x7ae654]  os::is_readable_range(void const*, void const*)+0x2c
V  [libjvm.dylib+0x75eed0]  Method::is_valid_method(Method const*)+0x38
V  [libjvm.dylib+0x35793c]  frame::is_interpreted_frame_valid(JavaThread*) const+0x7c
V  [libjvm.dylib+0x357818]  frame::safe_for_sender(JavaThread*)+0x4ec
V  [libjvm.dylib+0x925418]  JavaThread::pd_get_top_frame(frame*, void*, bool)+0x200
V  [libjvm.dylib+0x3546c0]  AsyncGetCallTrace+0x198
C  [libasyncProfiler.so+0x3ac54]  Profiler::getJavaTraceAsync(void*, ASGCT_CallFrame*, int, StackContext*)+0x15c
C  [libasyncProfiler.so+0x3bd04]  Profiler::recordSampleForThread(int, void*, unsigned long long, int, Event*, int*)+0x1c4
C  [libasyncProfiler.so+0x4a03c]  WallClock::signalHandler(int, __siginfo*, void*)+0xa8
C  [libsystem_platform.dylib+0x42a4]  _sigtramp+0x38
C  0xb34d800157539fc8
j  java.lang.Thread.<init>(Ljava/lang/ThreadGroup;Ljava/lang/Runnable;Ljava/lang/String;J)V+8 java.base@17.0.7
j  java.lang.Thread.<init>(Ljava/lang/String;)V+5 java.base@17.0.7
v  ~StubRoutines::call_stub
V  [libjvm.dylib+0x464a38]  JavaCalls::call_helper(JavaValue*, methodHandle const&, JavaCallArguments*, JavaThread*)+0x38c
V  [libjvm.dylib+0x4bdd78]  jni_invoke_nonstatic(JNIEnv_*, JavaValue*, _jobject*, JNICallType, _jmethodID*, JNI_ArgumentPusher*, JavaThread*)+0x31c
V  [libjvm.dylib+0x4be028]  jni_NewObjectV+0x21c
C  [libasyncProfiler.so+0x407e4]  JNIEnv_::NewObject(_jclass*, _jmethodID*, ...)+0x24
C  [libasyncProfiler.so+0x3e4dc]  Profiler::startTimer()+0xf4
C  [libasyncProfiler.so+0x3ddf4]  Profiler::start(Arguments&, bool)+0xb4c
C  [libasyncProfiler.so+0x409fc]  Profiler::runInternal(Arguments&, std::__1::basic_ostream<char, std::__1::char_traits<char> >&)+0x6c
C  [libasyncProfiler.so+0x4807c]  VM::VMInit(_jvmtiEnv*, JNIEnv_*, _jobject*)+0xe0
V  [libjvm.dylib+0x626c9c]  JvmtiExport::post_vm_initialized()+0x270
V  [libjvm.dylib+0x918778]  Threads::create_vm(JavaVMInitArgs*, bool*)+0x8b0
V  [libjvm.dylib+0x4d88d8]  JNI_CreateJavaVM+0x6c
C  [libjli.dylib+0x6e40]  JavaMain+0x104
C  [libjli.dylib+0x9a80]  ThreadJavaMain+0xc
C  [libsystem_pthread.dylib+0x706c]  _pthread_start+0x94


siginfo: si_signo: 10 (SIGBUS), si_code: 1 (BUS_ADRALN), si_addr: 0x00000001575354e4

Register to memory mapping:

 x0=0x00000008003fa000 is pointing into metadata
 x1=0x00000000cafebabe is an unknown value
 x2=0x000000016b19dd48 is pointing into the stack for thread: 0x000000012713da00
 x3=0x0000000000000001 is an unknown value
 x4=0x000000016b19df20 is pointing into the stack for thread: 0x000000012713da00
 x5=0x000000016b19df20 is pointing into the stack for thread: 0x000000012713da00
 x6=0x0000000084000007 is an unknown value
 x7=0x000000012713da00 is a thread
 x8=0x00000001575354e0 is at begin+0 in a stub
StubRoutines::SafeFetch32 [0x00000001575354e0, 0x00000001575354ec] (12 bytes)
 x9=0x000000016b19e500 is pointing into the stack for thread: 0x000000012713da00
x10=0x0 is NULL
x11=0x000000016b19e550 is pointing into the stack for thread: 0x000000012713da00
x12=0x00000000000000ab is an unknown value
x13=0x0 is NULL
x14=0x00000000000007fb is an unknown value
x15=0x00000000a744affb is an unknown value
x16=0x000000018748fe9c: pthread_getspecific+0 in /usr/lib/system/libsystem_pthread.dylib at 0x000000018748e000
x17=0x0000600001843e20 points into unknown readable memory: 0xfffffffffffffffe | fe ff ff ff ff ff ff ff
x18=0x0 is NULL
x19=0x00000008003fa000 is pointing into metadata
x20=0x000000012713da00 is a thread
x21=0x0000000000000001 is an unknown value
x22=0x0000000106aa4540: _ZN12StubRoutines25_call_stub_return_addressE+0 in /Library/Java/JavaVirtualMachines/jdk-17.jdk/Contents/Home/lib/server/libjvm.dylib at 0x0000000105efc000
x23=0x0000000106aa4798: _ZN12StubRoutines18_safefetch32_entryE+0 in /Library/Java/JavaVirtualMachines/jdk-17.jdk/Contents/Home/lib/server/libjvm.dylib at 0x0000000105efc000
x24=0x00000000cafebabe is an unknown value
x25=0x000000016b19e4f0 is pointing into the stack for thread: 0x000000012713da00
x26=0x000000011801031c points into unknown readable memory: 00 00 00 00
x27=0x0000000118014390 points into unknown readable memory: 0x0000000000000123 | 23 01 00 00 00 00 00 00
x28=0x000000015753c80c is at code_begin+76 in an Interpreter codelet
method entry point (kind = zerolocals)  [0x000000015753c7c0, 0x000000015753cac0]  768 bytes


Registers:
 x0=0x00000008003fa000  x1=0x00000000cafebabe  x2=0x000000016b19dd48  x3=0x0000000000000001
 x4=0x000000016b19df20  x5=0x000000016b19df20  x6=0x0000000084000007  x7=0x000000012713da00
 x8=0x00000001575354e0  x9=0x000000016b19e500 x10=0x0000000000000000 x11=0x000000016b19e550
x12=0x00000000000000ab x13=0x0000000000000000 x14=0x00000000000007fb x15=0x00000000a744affb
x16=0x000000018748fe9c x17=0x0000600001843e20 x18=0x0000000000000000 x19=0x00000008003fa000
x20=0x000000012713da00 x21=0x0000000000000001 x22=0x0000000106aa4540 x23=0x0000000106aa4798
x24=0x00000000cafebabe x25=0x000000016b19e4f0 x26=0x000000011801031c x27=0x0000000118014390
x28=0x000000015753c80c  fp=0x000000016b19dc10  lr=0x00000001066aa054  sp=0x000000016b19dbe0
pc=0x00000001575354e4 cpsr=0x0000000060001000
Top of Stack: (sp=0x000000016b19dbe0)
0x000000016b19dbe0:   000000016b19e5a0 000000016b19e500
0x000000016b19dbf0:   0000000106aa4540 00000008003fa520
0x000000016b19dc00:   00000008003fa000 00000008003fa578
0x000000016b19dc10:   000000016b19dc30 00000001066aa654
0x000000016b19dc20:   000000016b19dc90 00000008003fa520
0x000000016b19dc30:   000000016b19dc50 000000010665aed0
0x000000016b19dc40:   000000016b19dc90 000000012713da00
0x000000016b19dc50:   000000016b19dc80 000000010625393c
0x000000016b19dc60:   0000000106aa4540 0000000157539590
0x000000016b19dc70:   0000000157539fc8 000000012713da00
0x000000016b19dc80:   000000016b19dd00 0000000106253818
0x000000016b19dc90:   000000016b19e500 0000000157539fc8
0x000000016b19dca0:   0000000157539590 0000000100000000
0x000000016b19dcb0:   000000016b19e5a0 000000016b19e4f0
0x000000016b19dcc0:   000000011801031c 000000012713dca8
0x000000016b19dcd0:   000000012713da00 000000016b19df20
0x000000016b19dce0:   0000000157539590 000000015753c80c
0x000000016b19dcf0:   000000012713da00 000000016b19de10
0x000000016b19dd00:   000000016b19dda0 0000000106821418
0x000000016b19dd10:   000000016b19de80 00000001065778f0
0x000000016b19dd20:   000000016b19df58 00000000ffffffff
0x000000016b19dd30:   000000012713da00 0000600006b5c480
0x000000016b19dd40:   000000016b19e460 000000016b19e4f0
0x000000016b19dd50:   000000016b19e460 000000015753c80c
0x000000016b19dd60:   0000000157539590 0000000000000000
0x000000016b19dd70:   000000016b19e4f0 000000016b19e460
0x000000016b19dd80:   0000000000000800 000000012713da00
0x000000016b19dd90:   0000000000000800 000000016b19de80
0x000000016b19dda0:   000000016b19de60 00000001062506c0
0x000000016b19ddb0:   000000080000c390 0000000000000000
0x000000016b19ddc0:   000000080001c660 0000000800458120
0x000000016b19ddd0:   0000000000000000 000000012713da00 

Instructions: (pc=0x00000001575354e4)
0x00000001575353e4:   1e614000 1400003a d2942809 f2a0d4e9
0x00000001575353f4:   f2c00029 6d425935 1e640886 0c402d31
0x0000000157535404:   1e6408c7 1f5654d0 1e6c1017 1f5050d0
0x0000000157535414:   1f504cd0 1f5048d0 1e650af6 1f50d8f6
0x0000000157535424:   1f5694d6 1f5158f6 1e762880 36000501
0x0000000157535434:   1e614000 14000026 2e251ca5 d2943009
0x0000000157535444:   f2a0d4e9 f2c00029 6d425d36 1e600806
0x0000000157535454:   0c402d32 1f5758c7 1e6c101a 1f4754c7
0x0000000157535464:   1e650805 1f4750c7 d2866668 f2a7fa68
0x0000000157535474:   1f474cc7 1e6608c0 1f4748c7 1e6e1019
0x0000000157535484:   eb08007f 540000ac 1f479400 1f460340
0x0000000157535494:   1e603b20 1400000e d2a7fd29 eb09007f
0x00000001575354a4:   540000ac 51480069 d3607d29 9e670121
0x00000001575354b4:   14000002 1e6a5001 1f679417 1f668742
0x00000001575354c4:   1e613b23 1e773857 1e773860 a8c17ff3
0x00000001575354d4:   910003bf a8c17bfd d65f03c0 b9400001
0x00000001575354e4:   aa0103e0 d65f03c0 f9400001 aa0103e0
0x00000001575354f4:   d65f03c0 00000000 00000000 00000000
0x0000000157535504:   00000000 00000000 00000000 00000000
0x0000000157535514:   00000000 00000000 00000000 00000000
0x0000000157535524:   00000000 00000000 00000000 00000000
0x0000000157535534:   00000000 00000000 00000000 00000000
0x0000000157535544:   00000000 00000000 00000000 00000000
0x0000000157535554:   00000000 00000000 00000000 00000000
0x0000000157535564:   00000000 00000000 00000000 00000000
0x0000000157535574:   00000000 00000000 00000000 00000000
0x0000000157535584:   00000000 00000000 00000000 00000000
0x0000000157535594:   00000000 00000000 00000000 00000000
0x00000001575355a4:   00000000 00000000 00000000 00000000
0x00000001575355b4:   00000000 00000000 00000000 00000000
0x00000001575355c4:   00000000 00000000 00000000 00000000
0x00000001575355d4:   00000000 00000000 00000000 00000000 


Stack slot to memory mapping:
stack at sp + 0 slots: 0x000000016b19e5a0 is pointing into the stack for thread: 0x000000012713da00
stack at sp + 1 slots: 0x000000016b19e500 is pointing into the stack for thread: 0x000000012713da00
stack at sp + 2 slots: 0x0000000106aa4540: _ZN12StubRoutines25_call_stub_return_addressE+0 in /Library/Java/JavaVirtualMachines/jdk-17.jdk/Contents/Home/lib/server/libjvm.dylib at 0x0000000105efc000
stack at sp + 3 slots: {method} {0x00000008003fa520} '<init>' '(Ljava/lang/ThreadGroup;Ljava/lang/Runnable;Ljava/lang/String;J)V' in 'java/lang/Thread'
stack at sp + 4 slots: 0x00000008003fa000 is pointing into metadata
stack at sp + 5 slots: {method} {0x00000008003fa578} '<init>' '(Ljava/lang/ThreadGroup;Ljava/lang/Runnable;Ljava/lang/String;JZ)V' in 'java/lang/Thread'
stack at sp + 6 slots: 0x000000016b19dc30 is pointing into the stack for thread: 0x000000012713da00
stack at sp + 7 slots: 0x00000001066aa654: _ZN2os17is_readable_rangeEPKvS1_+0x2c in /Library/Java/JavaVirtualMachines/jdk-17.jdk/Contents/Home/lib/server/libjvm.dylib at 0x0000000105efc000

StubRoutines::SafeFetch32 [0x00000001575354e0, 0x00000001575354ec] (12 bytes)
[MachCode]
  0x00000001575354e0: 0100 40b9 | e003 01aa | c003 5fd6 
[/MachCode]

---------------  P R O C E S S  ---------------

Threads class SMR info:
_java_thread_list=0x0000600003ad5f60, length=12, elements={
0x000000012713da00, 0x0000000127143200, 0x0000000127158000, 0x0000000127156e00,
0x0000000127157400, 0x0000000127157a00, 0x000000012715b200, 0x000000012715b800,
0x0000000127155e00, 0x0000000127171800, 0x0000000129155200, 0x0000000129178c00
}

Java Threads: ( => current thread )
=>0x000000012713da00 JavaThread "main" [_thread_in_Java, id=6403, stack(0x000000016af9c000,0x000000016b19f000)]
  0x0000000127143200 JavaThread "Reference Handler" daemon [_thread_blocked, id=18435, stack(0x000000016bdf0000,0x000000016bff3000)]
  0x0000000127158000 JavaThread "Finalizer" daemon [_thread_blocked, id=19459, stack(0x000000016bffc000,0x000000016c1ff000)]
  0x0000000127156e00 JavaThread "Signal Dispatcher" daemon [_thread_blocked, id=30979, stack(0x000000016c3ac000,0x000000016c5af000)]
  0x0000000127157400 JavaThread "Service Thread" daemon [_thread_blocked, id=23043, stack(0x000000016c5b8000,0x000000016c7bb000)]
  0x0000000127157a00 JavaThread "Monitor Deflation Thread" daemon [_thread_blocked, id=23299, stack(0x000000016c7c4000,0x000000016c9c7000)]
  0x000000012715b200 JavaThread "C2 CompilerThread0" daemon [_thread_in_native, id=23811, stack(0x000000016c9d0000,0x000000016cbd3000)]
  0x000000012715b800 JavaThread "C1 CompilerThread0" daemon [_thread_blocked, id=24067, stack(0x000000016cbdc000,0x000000016cddf000)]
  0x0000000127155e00 JavaThread "Sweeper thread" daemon [_thread_blocked, id=24579, stack(0x000000016cde8000,0x000000016cfeb000)]
  0x0000000127171800 JavaThread "Common-Cleaner" daemon [_thread_blocked, id=29699, stack(0x000000016cff4000,0x000000016d1f7000)]
  0x0000000129155200 JavaThread "JFR Recorder Thread" daemon [_thread_blocked, id=29443, stack(0x000000016d200000,0x000000016d403000)]
  0x0000000129178c00 JavaThread "JFR Periodic Tasks" daemon [_thread_blocked, id=29187, stack(0x000000016d40c000,0x000000016d60f000)]

Other Threads:
  0x0000000105d33d00 VMThread "VM Thread" [stack: 0x000000016bbe4000,0x000000016bde7000] [id=17923]
  0x0000000105d31de0 GCTaskThread "GC Thread#0" [stack: 0x000000016b1a8000,0x000000016b3ab000] [id=12291]
  0x0000000105c42cc0 ConcurrentGCThread "G1 Main Marker" [stack: 0x000000016b3b4000,0x000000016b5b7000] [id=12547]
  0x0000000105c43540 ConcurrentGCThread "G1 Conc#0" [stack: 0x000000016b5c0000,0x000000016b7c3000] [id=13315]
  0x0000000105c453b0 ConcurrentGCThread "G1 Refine#0" [stack: 0x000000016b7cc000,0x000000016b9cf000] [id=21507]
  0x0000000105c45c50 ConcurrentGCThread "G1 Service" [stack: 0x000000016b9d8000,0x000000016bbdb000] [id=21251]

Threads with active compile tasks:
C2 CompilerThread0     1634  783       4       jdk.internal.org.objectweb.asm.Frame::execute (2305 bytes)

VM state: not at safepoint (normal execution)

VM Mutex/Monitor currently owned by a thread: None

Heap address: 0x00000007e0000000, size: 512 MB, Compressed Oops mode: Zero based, Oop shift amount: 3

CDS archive(s) mapped at: [0x0000000800000000-0x0000000800bd8000-0x0000000800bd8000), size 12419072, SharedBaseAddress: 0x0000000800000000, ArchiveRelocationMode: 0.
Compressed class space mapped at: 0x0000000800c00000-0x0000000840c00000, reserved size: 1073741824
Narrow klass base: 0x0000000800000000, Narrow klass shift: 0, Narrow klass range: 0x100000000

GC Precious Log:
 CPUs: 8 total, 8 available
 Memory: 8192M
 Large Page Support: Disabled
 NUMA Support: Disabled
 Compressed Oops: Enabled (Zero based)
 Heap Region Size: 1M
 Heap Min Capacity: 8M
 Heap Initial Capacity: 128M
 Heap Max Capacity: 512M
 Pre-touch: Disabled
 Parallel Workers: 8
 Concurrent Workers: 2
 Concurrent Refinement Workers: 8
 Periodic GC: Disabled

Heap:
 garbage-first heap   total 133120K, used 19424K [0x00000007e0000000, 0x0000000800000000)
  region size 1024K, 19 young (19456K), 0 survivors (0K)
 Metaspace       used 3451K, committed 3648K, reserved 1056768K
  class space    used 347K, committed 448K, reserved 1048576K

Heap Regions: E=young(eden), S=young(survivor), O=old, HS=humongous(starts), HC=humongous(continues), CS=collection set, F=free, OA=open archive, CA=closed archive, TAMS=top-at-mark-start (previous, next)
|   0|0x00000007e0000000, 0x00000007e0000000, 0x00000007e0100000|  0%| F|  |TAMS 0x00000007e0000000, 0x00000007e0000000| Untracked 
|   1|0x00000007e0100000, 0x00000007e0100000, 0x00000007e0200000|  0%| F|  |TAMS 0x00000007e0100000, 0x00000007e0100000| Untracked 
|   2|0x00000007e0200000, 0x00000007e0200000, 0x00000007e0300000|  0%| F|  |TAMS 0x00000007e0200000, 0x00000007e0200000| Untracked 
|   3|0x00000007e0300000, 0x00000007e0300000, 0x00000007e0400000|  0%| F|  |TAMS 0x00000007e0300000, 0x00000007e0300000| Untracked 
|   4|0x00000007e0400000, 0x00000007e0400000, 0x00000007e0500000|  0%| F|  |TAMS 0x00000007e0400000, 0x00000007e0400000| Untracked 
|   5|0x00000007e0500000, 0x00000007e0500000, 0x00000007e0600000|  0%| F|  |TAMS 0x00000007e0500000, 0x00000007e0500000| Untracked 
|   6|0x00000007e0600000, 0x00000007e0600000, 0x00000007e0700000|  0%| F|  |TAMS 0x00000007e0600000, 0x00000007e0600000| Untracked 
|   7|0x00000007e0700000, 0x00000007e0700000, 0x00000007e0800000|  0%| F|  |TAMS 0x00000007e0700000, 0x00000007e0700000| Untracked 
|   8|0x00000007e0800000, 0x00000007e0800000, 0x00000007e0900000|  0%| F|  |TAMS 0x00000007e0800000, 0x00000007e0800000| Untracked 
|   9|0x00000007e0900000, 0x00000007e0900000, 0x00000007e0a00000|  0%| F|  |TAMS 0x00000007e0900000, 0x00000007e0900000| Untracked 
|  10|0x00000007e0a00000, 0x00000007e0a00000, 0x00000007e0b00000|  0%| F|  |TAMS 0x00000007e0a00000, 0x00000007e0a00000| Untracked 
|  11|0x00000007e0b00000, 0x00000007e0b00000, 0x00000007e0c00000|  0%| F|  |TAMS 0x00000007e0b00000, 0x00000007e0b00000| Untracked 
|  12|0x00000007e0c00000, 0x00000007e0c00000, 0x00000007e0d00000|  0%| F|  |TAMS 0x00000007e0c00000, 0x00000007e0c00000| Untracked 
|  13|0x00000007e0d00000, 0x00000007e0d00000, 0x00000007e0e00000|  0%| F|  |TAMS 0x00000007e0d00000, 0x00000007e0d00000| Untracked 
|  14|0x00000007e0e00000, 0x00000007e0e00000, 0x00000007e0f00000|  0%| F|  |TAMS 0x00000007e0e00000, 0x00000007e0e00000| Untracked 
|  15|0x00000007e0f00000, 0x00000007e0f00000, 0x00000007e1000000|  0%| F|  |TAMS 0x00000007e0f00000, 0x00000007e0f00000| Untracked 
|  16|0x00000007e1000000, 0x00000007e1000000, 0x00000007e1100000|  0%| F|  |TAMS 0x00000007e1000000, 0x00000007e1000000| Untracked 
|  17|0x00000007e1100000, 0x00000007e1100000, 0x00000007e1200000|  0%| F|  |TAMS 0x00000007e1100000, 0x00000007e1100000| Untracked 
|  18|0x00000007e1200000, 0x00000007e1200000, 0x00000007e1300000|  0%| F|  |TAMS 0x00000007e1200000, 0x00000007e1200000| Untracked 
|  19|0x00000007e1300000, 0x00000007e1300000, 0x00000007e1400000|  0%| F|  |TAMS 0x00000007e1300000, 0x00000007e1300000| Untracked 
|  20|0x00000007e1400000, 0x00000007e1400000, 0x00000007e1500000|  0%| F|  |TAMS 0x00000007e1400000, 0x00000007e1400000| Untracked 
|  21|0x00000007e1500000, 0x00000007e1500000, 0x00000007e1600000|  0%| F|  |TAMS 0x00000007e1500000, 0x00000007e1500000| Untracked 
|  22|0x00000007e1600000, 0x00000007e1600000, 0x00000007e1700000|  0%| F|  |TAMS 0x00000007e1600000, 0x00000007e1600000| Untracked 
|  23|0x00000007e1700000, 0x00000007e1700000, 0x00000007e1800000|  0%| F|  |TAMS 0x00000007e1700000, 0x00000007e1700000| Untracked 
|  24|0x00000007e1800000, 0x00000007e1800000, 0x00000007e1900000|  0%| F|  |TAMS 0x00000007e1800000, 0x00000007e1800000| Untracked 
|  25|0x00000007e1900000, 0x00000007e1900000, 0x00000007e1a00000|  0%| F|  |TAMS 0x00000007e1900000, 0x00000007e1900000| Untracked 
|  26|0x00000007e1a00000, 0x00000007e1a00000, 0x00000007e1b00000|  0%| F|  |TAMS 0x00000007e1a00000, 0x00000007e1a00000| Untracked 
|  27|0x00000007e1b00000, 0x00000007e1b00000, 0x00000007e1c00000|  0%| F|  |TAMS 0x00000007e1b00000, 0x00000007e1b00000| Untracked 
|  28|0x00000007e1c00000, 0x00000007e1c00000, 0x00000007e1d00000|  0%| F|  |TAMS 0x00000007e1c00000, 0x00000007e1c00000| Untracked 
|  29|0x00000007e1d00000, 0x00000007e1d00000, 0x00000007e1e00000|  0%| F|  |TAMS 0x00000007e1d00000, 0x00000007e1d00000| Untracked 
|  30|0x00000007e1e00000, 0x00000007e1e00000, 0x00000007e1f00000|  0%| F|  |TAMS 0x00000007e1e00000, 0x00000007e1e00000| Untracked 
|  31|0x00000007e1f00000, 0x00000007e1f00000, 0x00000007e2000000|  0%| F|  |TAMS 0x00000007e1f00000, 0x00000007e1f00000| Untracked 
|  32|0x00000007e2000000, 0x00000007e2000000, 0x00000007e2100000|  0%| F|  |TAMS 0x00000007e2000000, 0x00000007e2000000| Untracked 
|  33|0x00000007e2100000, 0x00000007e2100000, 0x00000007e2200000|  0%| F|  |TAMS 0x00000007e2100000, 0x00000007e2100000| Untracked 
|  34|0x00000007e2200000, 0x00000007e2200000, 0x00000007e2300000|  0%| F|  |TAMS 0x00000007e2200000, 0x00000007e2200000| Untracked 
|  35|0x00000007e2300000, 0x00000007e2300000, 0x00000007e2400000|  0%| F|  |TAMS 0x00000007e2300000, 0x00000007e2300000| Untracked 
|  36|0x00000007e2400000, 0x00000007e2400000, 0x00000007e2500000|  0%| F|  |TAMS 0x00000007e2400000, 0x00000007e2400000| Untracked 
|  37|0x00000007e2500000, 0x00000007e2500000, 0x00000007e2600000|  0%| F|  |TAMS 0x00000007e2500000, 0x00000007e2500000| Untracked 
|  38|0x00000007e2600000, 0x00000007e2600000, 0x00000007e2700000|  0%| F|  |TAMS 0x00000007e2600000, 0x00000007e2600000| Untracked 
|  39|0x00000007e2700000, 0x00000007e2700000, 0x00000007e2800000|  0%| F|  |TAMS 0x00000007e2700000, 0x00000007e2700000| Untracked 
|  40|0x00000007e2800000, 0x00000007e2800000, 0x00000007e2900000|  0%| F|  |TAMS 0x00000007e2800000, 0x00000007e2800000| Untracked 
|  41|0x00000007e2900000, 0x00000007e2900000, 0x00000007e2a00000|  0%| F|  |TAMS 0x00000007e2900000, 0x00000007e2900000| Untracked 
|  42|0x00000007e2a00000, 0x00000007e2a00000, 0x00000007e2b00000|  0%| F|  |TAMS 0x00000007e2a00000, 0x00000007e2a00000| Untracked 
|  43|0x00000007e2b00000, 0x00000007e2b00000, 0x00000007e2c00000|  0%| F|  |TAMS 0x00000007e2b00000, 0x00000007e2b00000| Untracked 
|  44|0x00000007e2c00000, 0x00000007e2c00000, 0x00000007e2d00000|  0%| F|  |TAMS 0x00000007e2c00000, 0x00000007e2c00000| Untracked 
|  45|0x00000007e2d00000, 0x00000007e2d00000, 0x00000007e2e00000|  0%| F|  |TAMS 0x00000007e2d00000, 0x00000007e2d00000| Untracked 
|  46|0x00000007e2e00000, 0x00000007e2e00000, 0x00000007e2f00000|  0%| F|  |TAMS 0x00000007e2e00000, 0x00000007e2e00000| Untracked 
|  47|0x00000007e2f00000, 0x00000007e2f00000, 0x00000007e3000000|  0%| F|  |TAMS 0x00000007e2f00000, 0x00000007e2f00000| Untracked 
|  48|0x00000007e3000000, 0x00000007e3000000, 0x00000007e3100000|  0%| F|  |TAMS 0x00000007e3000000, 0x00000007e3000000| Untracked 
|  49|0x00000007e3100000, 0x00000007e3100000, 0x00000007e3200000|  0%| F|  |TAMS 0x00000007e3100000, 0x00000007e3100000| Untracked 
|  50|0x00000007e3200000, 0x00000007e3200000, 0x00000007e3300000|  0%| F|  |TAMS 0x00000007e3200000, 0x00000007e3200000| Untracked 
|  51|0x00000007e3300000, 0x00000007e3300000, 0x00000007e3400000|  0%| F|  |TAMS 0x00000007e3300000, 0x00000007e3300000| Untracked 
|  52|0x00000007e3400000, 0x00000007e3400000, 0x00000007e3500000|  0%| F|  |TAMS 0x00000007e3400000, 0x00000007e3400000| Untracked 
|  53|0x00000007e3500000, 0x00000007e3500000, 0x00000007e3600000|  0%| F|  |TAMS 0x00000007e3500000, 0x00000007e3500000| Untracked 
|  54|0x00000007e3600000, 0x00000007e3600000, 0x00000007e3700000|  0%| F|  |TAMS 0x00000007e3600000, 0x00000007e3600000| Untracked 
|  55|0x00000007e3700000, 0x00000007e3700000, 0x00000007e3800000|  0%| F|  |TAMS 0x00000007e3700000, 0x00000007e3700000| Untracked 
|  56|0x00000007e3800000, 0x00000007e3800000, 0x00000007e3900000|  0%| F|  |TAMS 0x00000007e3800000, 0x00000007e3800000| Untracked 
|  57|0x00000007e3900000, 0x00000007e3900000, 0x00000007e3a00000|  0%| F|  |TAMS 0x00000007e3900000, 0x00000007e3900000| Untracked 
|  58|0x00000007e3a00000, 0x00000007e3a00000, 0x00000007e3b00000|  0%| F|  |TAMS 0x00000007e3a00000, 0x00000007e3a00000| Untracked 
|  59|0x00000007e3b00000, 0x00000007e3b00000, 0x00000007e3c00000|  0%| F|  |TAMS 0x00000007e3b00000, 0x00000007e3b00000| Untracked 
|  60|0x00000007e3c00000, 0x00000007e3c00000, 0x00000007e3d00000|  0%| F|  |TAMS 0x00000007e3c00000, 0x00000007e3c00000| Untracked 
|  61|0x00000007e3d00000, 0x00000007e3d00000, 0x00000007e3e00000|  0%| F|  |TAMS 0x00000007e3d00000, 0x00000007e3d00000| Untracked 
|  62|0x00000007e3e00000, 0x00000007e3e00000, 0x00000007e3f00000|  0%| F|  |TAMS 0x00000007e3e00000, 0x00000007e3e00000| Untracked 
|  63|0x00000007e3f00000, 0x00000007e3f00000, 0x00000007e4000000|  0%| F|  |TAMS 0x00000007e3f00000, 0x00000007e3f00000| Untracked 
|  64|0x00000007e4000000, 0x00000007e4000000, 0x00000007e4100000|  0%| F|  |TAMS 0x00000007e4000000, 0x00000007e4000000| Untracked 
|  65|0x00000007e4100000, 0x00000007e4100000, 0x00000007e4200000|  0%| F|  |TAMS 0x00000007e4100000, 0x00000007e4100000| Untracked 
|  66|0x00000007e4200000, 0x00000007e4200000, 0x00000007e4300000|  0%| F|  |TAMS 0x00000007e4200000, 0x00000007e4200000| Untracked 
|  67|0x00000007e4300000, 0x00000007e4300000, 0x00000007e4400000|  0%| F|  |TAMS 0x00000007e4300000, 0x00000007e4300000| Untracked 
|  68|0x00000007e4400000, 0x00000007e4400000, 0x00000007e4500000|  0%| F|  |TAMS 0x00000007e4400000, 0x00000007e4400000| Untracked 
|  69|0x00000007e4500000, 0x00000007e4500000, 0x00000007e4600000|  0%| F|  |TAMS 0x00000007e4500000, 0x00000007e4500000| Untracked 
|  70|0x00000007e4600000, 0x00000007e4600000, 0x00000007e4700000|  0%| F|  |TAMS 0x00000007e4600000, 0x00000007e4600000| Untracked 
|  71|0x00000007e4700000, 0x00000007e4700000, 0x00000007e4800000|  0%| F|  |TAMS 0x00000007e4700000, 0x00000007e4700000| Untracked 
|  72|0x00000007e4800000, 0x00000007e4800000, 0x00000007e4900000|  0%| F|  |TAMS 0x00000007e4800000, 0x00000007e4800000| Untracked 
|  73|0x00000007e4900000, 0x00000007e4900000, 0x00000007e4a00000|  0%| F|  |TAMS 0x00000007e4900000, 0x00000007e4900000| Untracked 
|  74|0x00000007e4a00000, 0x00000007e4a00000, 0x00000007e4b00000|  0%| F|  |TAMS 0x00000007e4a00000, 0x00000007e4a00000| Untracked 
|  75|0x00000007e4b00000, 0x00000007e4b00000, 0x00000007e4c00000|  0%| F|  |TAMS 0x00000007e4b00000, 0x00000007e4b00000| Untracked 
|  76|0x00000007e4c00000, 0x00000007e4c00000, 0x00000007e4d00000|  0%| F|  |TAMS 0x00000007e4c00000, 0x00000007e4c00000| Untracked 
|  77|0x00000007e4d00000, 0x00000007e4d00000, 0x00000007e4e00000|  0%| F|  |TAMS 0x00000007e4d00000, 0x00000007e4d00000| Untracked 
|  78|0x00000007e4e00000, 0x00000007e4e00000, 0x00000007e4f00000|  0%| F|  |TAMS 0x00000007e4e00000, 0x00000007e4e00000| Untracked 
|  79|0x00000007e4f00000, 0x00000007e4f00000, 0x00000007e5000000|  0%| F|  |TAMS 0x00000007e4f00000, 0x00000007e4f00000| Untracked 
|  80|0x00000007e5000000, 0x00000007e5000000, 0x00000007e5100000|  0%| F|  |TAMS 0x00000007e5000000, 0x00000007e5000000| Untracked 
|  81|0x00000007e5100000, 0x00000007e5100000, 0x00000007e5200000|  0%| F|  |TAMS 0x00000007e5100000, 0x00000007e5100000| Untracked 
|  82|0x00000007e5200000, 0x00000007e5200000, 0x00000007e5300000|  0%| F|  |TAMS 0x00000007e5200000, 0x00000007e5200000| Untracked 
|  83|0x00000007e5300000, 0x00000007e5300000, 0x00000007e5400000|  0%| F|  |TAMS 0x00000007e5300000, 0x00000007e5300000| Untracked 
|  84|0x00000007e5400000, 0x00000007e5400000, 0x00000007e5500000|  0%| F|  |TAMS 0x00000007e5400000, 0x00000007e5400000| Untracked 
|  85|0x00000007e5500000, 0x00000007e5500000, 0x00000007e5600000|  0%| F|  |TAMS 0x00000007e5500000, 0x00000007e5500000| Untracked 
|  86|0x00000007e5600000, 0x00000007e5600000, 0x00000007e5700000|  0%| F|  |TAMS 0x00000007e5600000, 0x00000007e5600000| Untracked 
|  87|0x00000007e5700000, 0x00000007e5700000, 0x00000007e5800000|  0%| F|  |TAMS 0x00000007e5700000, 0x00000007e5700000| Untracked 
|  88|0x00000007e5800000, 0x00000007e5800000, 0x00000007e5900000|  0%| F|  |TAMS 0x00000007e5800000, 0x00000007e5800000| Untracked 
|  89|0x00000007e5900000, 0x00000007e5900000, 0x00000007e5a00000|  0%| F|  |TAMS 0x00000007e5900000, 0x00000007e5900000| Untracked 
|  90|0x00000007e5a00000, 0x00000007e5a00000, 0x00000007e5b00000|  0%| F|  |TAMS 0x00000007e5a00000, 0x00000007e5a00000| Untracked 
|  91|0x00000007e5b00000, 0x00000007e5b00000, 0x00000007e5c00000|  0%| F|  |TAMS 0x00000007e5b00000, 0x00000007e5b00000| Untracked 
|  92|0x00000007e5c00000, 0x00000007e5c00000, 0x00000007e5d00000|  0%| F|  |TAMS 0x00000007e5c00000, 0x00000007e5c00000| Untracked 
|  93|0x00000007e5d00000, 0x00000007e5d00000, 0x00000007e5e00000|  0%| F|  |TAMS 0x00000007e5d00000, 0x00000007e5d00000| Untracked 
|  94|0x00000007e5e00000, 0x00000007e5e00000, 0x00000007e5f00000|  0%| F|  |TAMS 0x00000007e5e00000, 0x00000007e5e00000| Untracked 
|  95|0x00000007e5f00000, 0x00000007e5f00000, 0x00000007e6000000|  0%| F|  |TAMS 0x00000007e5f00000, 0x00000007e5f00000| Untracked 
|  96|0x00000007e6000000, 0x00000007e6000000, 0x00000007e6100000|  0%| F|  |TAMS 0x00000007e6000000, 0x00000007e6000000| Untracked 
|  97|0x00000007e6100000, 0x00000007e6100000, 0x00000007e6200000|  0%| F|  |TAMS 0x00000007e6100000, 0x00000007e6100000| Untracked 
|  98|0x00000007e6200000, 0x00000007e6200000, 0x00000007e6300000|  0%| F|  |TAMS 0x00000007e6200000, 0x00000007e6200000| Untracked 
|  99|0x00000007e6300000, 0x00000007e6300000, 0x00000007e6400000|  0%| F|  |TAMS 0x00000007e6300000, 0x00000007e6300000| Untracked 
| 100|0x00000007e6400000, 0x00000007e6400000, 0x00000007e6500000|  0%| F|  |TAMS 0x00000007e6400000, 0x00000007e6400000| Untracked 
| 101|0x00000007e6500000, 0x00000007e6500000, 0x00000007e6600000|  0%| F|  |TAMS 0x00000007e6500000, 0x00000007e6500000| Untracked 
| 102|0x00000007e6600000, 0x00000007e6600000, 0x00000007e6700000|  0%| F|  |TAMS 0x00000007e6600000, 0x00000007e6600000| Untracked 
| 103|0x00000007e6700000, 0x00000007e6700000, 0x00000007e6800000|  0%| F|  |TAMS 0x00000007e6700000, 0x00000007e6700000| Untracked 
| 104|0x00000007e6800000, 0x00000007e6800000, 0x00000007e6900000|  0%| F|  |TAMS 0x00000007e6800000, 0x00000007e6800000| Untracked 
| 105|0x00000007e6900000, 0x00000007e6900000, 0x00000007e6a00000|  0%| F|  |TAMS 0x00000007e6900000, 0x00000007e6900000| Untracked 
| 106|0x00000007e6a00000, 0x00000007e6a00000, 0x00000007e6b00000|  0%| F|  |TAMS 0x00000007e6a00000, 0x00000007e6a00000| Untracked 
| 107|0x00000007e6b00000, 0x00000007e6b00000, 0x00000007e6c00000|  0%| F|  |TAMS 0x00000007e6b00000, 0x00000007e6b00000| Untracked 
| 108|0x00000007e6c00000, 0x00000007e6c00000, 0x00000007e6d00000|  0%| F|  |TAMS 0x00000007e6c00000, 0x00000007e6c00000| Untracked 
| 109|0x00000007e6d00000, 0x00000007e6ded070, 0x00000007e6e00000| 92%| E|  |TAMS 0x00000007e6d00000, 0x00000007e6d00000| Complete 
| 110|0x00000007e6e00000, 0x00000007e6f00000, 0x00000007e6f00000|100%| E|CS|TAMS 0x00000007e6e00000, 0x00000007e6e00000| Complete 
| 111|0x00000007e6f00000, 0x00000007e7000000, 0x00000007e7000000|100%| E|CS|TAMS 0x00000007e6f00000, 0x00000007e6f00000| Complete 
| 112|0x00000007e7000000, 0x00000007e7100000, 0x00000007e7100000|100%| E|CS|TAMS 0x00000007e7000000, 0x00000007e7000000| Complete 
| 113|0x00000007e7100000, 0x00000007e7200000, 0x00000007e7200000|100%| E|CS|TAMS 0x00000007e7100000, 0x00000007e7100000| Complete 
| 114|0x00000007e7200000, 0x00000007e7300000, 0x00000007e7300000|100%| E|CS|TAMS 0x00000007e7200000, 0x00000007e7200000| Complete 
| 115|0x00000007e7300000, 0x00000007e7400000, 0x00000007e7400000|100%| E|CS|TAMS 0x00000007e7300000, 0x00000007e7300000| Complete 
| 116|0x00000007e7400000, 0x00000007e7500000, 0x00000007e7500000|100%| E|CS|TAMS 0x00000007e7400000, 0x00000007e7400000| Complete 
| 117|0x00000007e7500000, 0x00000007e7600000, 0x00000007e7600000|100%| E|CS|TAMS 0x00000007e7500000, 0x00000007e7500000| Complete 
| 118|0x00000007e7600000, 0x00000007e7700000, 0x00000007e7700000|100%| E|CS|TAMS 0x00000007e7600000, 0x00000007e7600000| Complete 
| 119|0x00000007e7700000, 0x00000007e7800000, 0x00000007e7800000|100%| E|CS|TAMS 0x00000007e7700000, 0x00000007e7700000| Complete 
| 120|0x00000007e7800000, 0x00000007e7900000, 0x00000007e7900000|100%| E|CS|TAMS 0x00000007e7800000, 0x00000007e7800000| Complete 
| 121|0x00000007e7900000, 0x00000007e7a00000, 0x00000007e7a00000|100%| E|CS|TAMS 0x00000007e7900000, 0x00000007e7900000| Complete 
| 122|0x00000007e7a00000, 0x00000007e7b00000, 0x00000007e7b00000|100%| E|CS|TAMS 0x00000007e7a00000, 0x00000007e7a00000| Complete 
| 123|0x00000007e7b00000, 0x00000007e7c00000, 0x00000007e7c00000|100%| E|CS|TAMS 0x00000007e7b00000, 0x00000007e7b00000| Complete 
| 124|0x00000007e7c00000, 0x00000007e7d00000, 0x00000007e7d00000|100%| E|CS|TAMS 0x00000007e7c00000, 0x00000007e7c00000| Complete 
| 125|0x00000007e7d00000, 0x00000007e7e00000, 0x00000007e7e00000|100%| E|CS|TAMS 0x00000007e7d00000, 0x00000007e7d00000| Complete 
| 126|0x00000007e7e00000, 0x00000007e7f00000, 0x00000007e7f00000|100%| E|CS|TAMS 0x00000007e7e00000, 0x00000007e7e00000| Complete 
| 127|0x00000007e7f00000, 0x00000007e8000000, 0x00000007e8000000|100%| E|CS|TAMS 0x00000007e7f00000, 0x00000007e7f00000| Complete 
| 510|0x00000007ffe00000, 0x00000007ffe78000, 0x00000007fff00000| 46%|OA|  |TAMS 0x00000007ffe00000, 0x00000007ffe00000| Untracked 
| 511|0x00000007fff00000, 0x00000007fff80000, 0x0000000800000000| 50%|CA|  |TAMS 0x00000007fff00000, 0x00000007fff00000| Untracked 

Card table byte_map: [0x000000010f800000,0x000000010f900000] _byte_map_base: 0x000000010b900000

Marking Bits (Prev, Next): (CMBitMap*) 0x00000001290d6610, (CMBitMap*) 0x00000001290d6650
 Prev Bits: [0x000000010fa00000, 0x0000000110200000)
 Next Bits: [0x0000000110200000, 0x0000000110a00000)

Polling page: 0x0000000104f48000

Metaspace:

Usage:
  Non-class:      3.03 MB used.
      Class:    347.10 KB used.
       Both:      3.37 MB used.

Virtual space:
  Non-class space:        8.00 MB reserved,       3.12 MB ( 39%) committed,  1 nodes.
      Class space:        1.00 GB reserved,     448.00 KB ( <1%) committed,  1 nodes.
             Both:        1.01 GB reserved,       3.56 MB ( <1%) committed. 

Chunk freelists:
   Non-Class:  3.93 MB
       Class:  3.60 MB
        Both:  7.53 MB

MaxMetaspaceSize: unlimited
CompressedClassSpaceSize: 1.00 GB
Initial GC threshold: 21.00 MB
Current GC threshold: 21.00 MB
CDS: on
MetaspaceReclaimPolicy: balanced
 - commit_granule_bytes: 65536.
 - commit_granule_words: 8192.
 - virtual_space_node_default_size: 1048576.
 - enlarge_chunks_in_place: 1.
 - new_chunks_are_fully_committed: 0.
 - uncommit_free_chunks: 1.
 - use_allocation_guard: 0.
 - handle_deallocations: 1.


Internal statistics:

num_allocs_failed_limit: 0.
num_arena_births: 56.
num_arena_deaths: 0.
num_vsnodes_births: 2.
num_vsnodes_deaths: 0.
num_space_committed: 57.
num_space_uncommitted: 0.
num_chunks_returned_to_freelist: 0.
num_chunks_taken_from_freelist: 72.
num_chunk_merges: 0.
num_chunk_splits: 38.
num_chunks_enlarged: 14.
num_purges: 0.
num_inconsistent_stats: 0.

CodeHeap 'non-profiled nmethods': size=120032Kb used=339Kb max_used=339Kb free=119692Kb
 bounds [0x0000000157ac8000, 0x0000000157d38000, 0x000000015f000000]
CodeHeap 'profiled nmethods': size=120016Kb used=2323Kb max_used=2323Kb free=117692Kb
 bounds [0x0000000150000000, 0x0000000150270000, 0x0000000157534000]
CodeHeap 'non-nmethods': size=5712Kb used=1122Kb max_used=1160Kb free=4589Kb
 bounds [0x0000000157534000, 0x00000001577a4000, 0x0000000157ac8000]
 total_blobs=1418 nmethods=1005 adapters=329
 compilation: enabled
              stopped_count=0, restarted_count=0
 full_count=0

Compilation events (20 events):
Event: 1.627 Thread 0x000000012715b800 1010       1       jdk.jfr.internal.PlatformEventType::isLargeSize (5 bytes)
Event: 1.627 Thread 0x000000012715b800 nmethod 1010 0x0000000157b19010 code [0x0000000157b19180, 0x0000000157b19218]
Event: 1.627 Thread 0x000000012715b800 1017       3       jdk.jfr.internal.EventWriter::isValidForSize (48 bytes)
Event: 1.627 Thread 0x000000012715b800 nmethod 1017 0x0000000150241d10 code [0x0000000150241f00, 0x0000000150242248]
Event: 1.627 Thread 0x000000012715b800 1016       2       jdk.jfr.internal.EventWriter::putStringValue (56 bytes)
Event: 1.627 Thread 0x000000012715b800 nmethod 1016 0x0000000150242490 code [0x00000001502426c0, 0x0000000150242af8]
Event: 1.627 Thread 0x000000012715b800 1018       2       jdk.jfr.internal.EventWriter::putString (84 bytes)
Event: 1.627 Thread 0x000000012715b800 nmethod 1018 0x0000000150243210 code [0x0000000150243440, 0x0000000150243828]
Event: 1.627 Thread 0x000000012715b800 1019       2       jdk.jfr.internal.EventWriter::putUncheckedInt (11 bytes)
Event: 1.627 Thread 0x000000012715b800 nmethod 1019 0x0000000150243d10 code [0x0000000150243ec0, 0x0000000150244008]
Event: 1.627 Thread 0x000000012715b800 1021       2       jdk.internal.misc.Unsafe::storeStoreFence (5 bytes)
Event: 1.627 Thread 0x000000012715b800 nmethod 1021 0x0000000150244110 code [0x0000000150244280, 0x0000000150244398]
Event: 1.627 Thread 0x000000012715b800 1011       1       jdk.jfr.internal.PlatformEventType::getStackTraceEnabled (5 bytes)
Event: 1.627 Thread 0x000000012715b800 nmethod 1011 0x0000000157b19690 code [0x0000000157b19800, 0x0000000157b19898]
Event: 1.627 Thread 0x000000012715b800 1012       1       jdk.jfr.internal.EventWriter::isNotified (5 bytes)
Event: 1.627 Thread 0x000000012715b800 nmethod 1012 0x0000000157b19990 code [0x0000000157b19b00, 0x0000000157b19b98]
Event: 1.627 Thread 0x000000012715b800 1022       2       java.util.concurrent.CopyOnWriteArrayList$COWIterator::next (32 bytes)
Event: 1.627 Thread 0x000000012715b800 nmethod 1022 0x0000000150244490 code [0x0000000150244640, 0x0000000150244808]
Event: 1.628 Thread 0x000000012715b800 1024       3       jdk.jfr.internal.EventWriter::putLong (15 bytes)
Event: 1.628 Thread 0x000000012715b800 nmethod 1024 0x0000000150244a10 code [0x0000000150244bc0, 0x0000000150244db8]

GC Heap History (0 events):
No events

Deoptimization events (20 events):
Event: 1.566 Thread 0x000000012713da00 DEOPT PACKING pc=0x0000000150128e2c sp=0x000000016b19c4e0
Event: 1.566 Thread 0x000000012713da00 DEOPT UNPACKING pc=0x0000000157572b7c sp=0x000000016b19c1f0 mode 3
Event: 1.578 Thread 0x000000012713da00 Uncommon trap: trap_request=0xffffff45 fr.pc=0x0000000157b02358 relative=0x00000000000001d8
Event: 1.578 Thread 0x000000012713da00 Uncommon trap: reason=unstable_if action=reinterpret pc=0x0000000157b02358 method=jdk.internal.org.objectweb.asm.Frame.merge(Ljdk/internal/org/objectweb/asm/SymbolTable;I[II)Z @ 87 c2
Event: 1.578 Thread 0x000000012713da00 DEOPT PACKING pc=0x0000000157b02358 sp=0x000000016b19c680
Event: 1.578 Thread 0x000000012713da00 DEOPT UNPACKING pc=0x0000000157572d1c sp=0x000000016b19c5e0 mode 2
Event: 1.581 Thread 0x000000012713da00 DEOPT PACKING pc=0x000000015004f860 sp=0x000000016b19c410
Event: 1.581 Thread 0x000000012713da00 DEOPT UNPACKING pc=0x0000000157572b7c sp=0x000000016b19c040 mode 0
Event: 1.588 Thread 0x000000012713da00 DEOPT PACKING pc=0x000000015000494c sp=0x000000016b19c3b0
Event: 1.588 Thread 0x000000012713da00 DEOPT UNPACKING pc=0x0000000157572b7c sp=0x000000016b19c040 mode 0
Event: 1.596 Thread 0x000000012713da00 DEOPT PACKING pc=0x000000015000494c sp=0x000000016b19c100
Event: 1.596 Thread 0x000000012713da00 DEOPT UNPACKING pc=0x0000000157572b7c sp=0x000000016b19bd90 mode 0
Event: 1.597 Thread 0x000000012713da00 DEOPT PACKING pc=0x000000015000494c sp=0x000000016b19c5a0
Event: 1.597 Thread 0x000000012713da00 DEOPT UNPACKING pc=0x0000000157572b7c sp=0x000000016b19c230 mode 0
Event: 1.599 Thread 0x000000012713da00 DEOPT PACKING pc=0x000000015000494c sp=0x000000016b19c5a0
Event: 1.599 Thread 0x000000012713da00 DEOPT UNPACKING pc=0x0000000157572b7c sp=0x000000016b19c230 mode 0
Event: 1.602 Thread 0x000000012713da00 Uncommon trap: trap_request=0xffffff45 fr.pc=0x0000000157adb4b4 relative=0x0000000000000174
Event: 1.602 Thread 0x000000012713da00 Uncommon trap: reason=unstable_if action=reinterpret pc=0x0000000157adb4b4 method=java.lang.String.hashCode()I @ 42 c2
Event: 1.602 Thread 0x000000012713da00 DEOPT PACKING pc=0x0000000157adb4b4 sp=0x000000016b19c2b0
Event: 1.602 Thread 0x000000012713da00 DEOPT UNPACKING pc=0x0000000157572d1c sp=0x000000016b19c250 mode 2

Classes unloaded (0 events):
No events

Classes redefined (20 events):
Event: 1.604 Thread 0x0000000105d33d00 redefined class name=sun.nio.ch.SocketChannelImpl, count=1
Event: 1.604 Thread 0x0000000105d33d00 redefined class name=java.lang.Throwable, count=1
Event: 1.604 Thread 0x0000000105d33d00 redefined class name=java.lang.Error, count=2
Event: 1.625 Thread 0x0000000105d33d00 redefined class name=jdk.internal.event.ProcessStartEvent, count=1
Event: 1.625 Thread 0x0000000105d33d00 redefined class name=jdk.jfr.events.ContainerIOUsageEvent, count=1
Event: 1.625 Thread 0x0000000105d33d00 redefined class name=jdk.jfr.events.ContainerMemoryUsageEvent, count=1
Event: 1.625 Thread 0x0000000105d33d00 redefined class name=jdk.jfr.events.ContainerCPUThrottlingEvent, count=1
Event: 1.625 Thread 0x0000000105d33d00 redefined class name=jdk.jfr.events.ContainerCPUUsageEvent, count=1
Event: 1.625 Thread 0x0000000105d33d00 redefined class name=jdk.jfr.events.ContainerConfigurationEvent, count=1
Event: 1.625 Thread 0x0000000105d33d00 redefined class name=jdk.jfr.events.InitialSecurityPropertyEvent, count=1
Event: 1.625 Thread 0x0000000105d33d00 redefined class name=jdk.jfr.events.DirectBufferStatisticsEvent, count=1
Event: 1.625 Thread 0x0000000105d33d00 redefined class name=jdk.jfr.events.ActiveRecordingEvent, count=1
Event: 1.625 Thread 0x0000000105d33d00 redefined class name=jdk.jfr.events.ActiveSettingEvent, count=1
Event: 1.625 Thread 0x0000000105d33d00 redefined class name=jdk.jfr.events.ErrorThrownEvent, count=1
Event: 1.625 Thread 0x0000000105d33d00 redefined class name=jdk.jfr.events.ExceptionStatisticsEvent, count=1
Event: 1.625 Thread 0x0000000105d33d00 redefined class name=jdk.jfr.events.SocketWriteEvent, count=1
Event: 1.625 Thread 0x0000000105d33d00 redefined class name=jdk.jfr.events.SocketReadEvent, count=1
Event: 1.625 Thread 0x0000000105d33d00 redefined class name=jdk.jfr.events.FileWriteEvent, count=1
Event: 1.625 Thread 0x0000000105d33d00 redefined class name=jdk.jfr.events.FileReadEvent, count=1
Event: 1.625 Thread 0x0000000105d33d00 redefined class name=jdk.jfr.events.FileForceEvent, count=1

Internal exceptions (20 events):
Event: 1.550 Thread 0x000000012713da00 Exception <a 'java/lang/ClassNotFoundException'{0x00000007e78ba6c8}: jdk/jfr/internal/handlers/EventHandler1278_1699428337376-61972> (0x00000007e78ba6c8) 
thrown [open/src/hotspot/share/classfile/systemDictionary.cpp, line 256]
Event: 1.550 Thread 0x000000012713da00 Exception <a 'java/lang/ClassNotFoundException'{0x00000007e78c5148}: jdk/jfr/internal/handlers/EventHandler1280_1699428337376-61972> (0x00000007e78c5148) 
thrown [open/src/hotspot/share/classfile/systemDictionary.cpp, line 256]
Event: 1.551 Thread 0x000000012713da00 Exception <a 'java/lang/ClassNotFoundException'{0x00000007e78d14d8}: jdk/jfr/internal/handlers/EventHandler1282_1699428337376-61972> (0x00000007e78d14d8) 
thrown [open/src/hotspot/share/classfile/systemDictionary.cpp, line 256]
Event: 1.552 Thread 0x000000012713da00 Exception <a 'java/lang/ClassNotFoundException'{0x00000007e78f4180}: jdk/jfr/internal/handlers/EventHandler1284_1699428337376-61972> (0x00000007e78f4180) 
thrown [open/src/hotspot/share/classfile/systemDictionary.cpp, line 256]
Event: 1.553 Thread 0x000000012713da00 Exception <a 'java/lang/ClassNotFoundException'{0x00000007e7706e78}: jdk/jfr/internal/handlers/EventHandler1286_1699428337376-61972> (0x00000007e7706e78) 
thrown [open/src/hotspot/share/classfile/systemDictionary.cpp, line 256]
Event: 1.553 Thread 0x000000012713da00 Exception <a 'java/lang/ClassNotFoundException'{0x00000007e7716e70}: jdk/jfr/internal/handlers/EventHandler1288_1699428337376-61972> (0x00000007e7716e70) 
thrown [open/src/hotspot/share/classfile/systemDictionary.cpp, line 256]
Event: 1.553 Thread 0x000000012713da00 Exception <a 'java/lang/ClassNotFoundException'{0x00000007e7723dc0}: jdk/jfr/internal/handlers/EventHandler1290_1699428337376-61972> (0x00000007e7723dc0) 
thrown [open/src/hotspot/share/classfile/systemDictionary.cpp, line 256]
Event: 1.555 Thread 0x000000012713da00 Exception <a 'java/lang/ClassNotFoundException'{0x00000007e774b140}: jdk/jfr/internal/handlers/EventHandler1292_1699428337376-61972> (0x00000007e774b140) 
thrown [open/src/hotspot/share/classfile/systemDictionary.cpp, line 256]
Event: 1.555 Thread 0x000000012713da00 Exception <a 'java/lang/ClassNotFoundException'{0x00000007e775f130}: jdk/jfr/internal/handlers/EventHandler1294_1699428337376-61972> (0x00000007e775f130) 
thrown [open/src/hotspot/share/classfile/systemDictionary.cpp, line 256]
Event: 1.556 Thread 0x000000012713da00 Exception <a 'java/lang/ClassNotFoundException'{0x00000007e7777818}: jdk/jfr/internal/handlers/EventHandler1296_1699428337376-61972> (0x00000007e7777818) 
thrown [open/src/hotspot/share/classfile/systemDictionary.cpp, line 256]
Event: 1.557 Thread 0x000000012713da00 Exception <a 'java/lang/ClassNotFoundException'{0x00000007e77873e0}: jdk/jfr/internal/handlers/EventHandler1299_1699428337376-61972> (0x00000007e77873e0) 
thrown [open/src/hotspot/share/classfile/systemDictionary.cpp, line 256]
Event: 1.557 Thread 0x000000012713da00 Exception <a 'java/lang/ClassNotFoundException'{0x00000007e7792980}: jdk/jfr/internal/handlers/EventHandler1301_1699428337376-61972> (0x00000007e7792980) 
thrown [open/src/hotspot/share/classfile/systemDictionary.cpp, line 256]
Event: 1.558 Thread 0x000000012713da00 Exception <a 'java/lang/ClassNotFoundException'{0x00000007e77a89c8}: jdk/jfr/internal/handlers/EventHandler1579_1699428337376-61972> (0x00000007e77a89c8) 
thrown [open/src/hotspot/share/classfile/systemDictionary.cpp, line 256]
Event: 1.559 Thread 0x000000012713da00 Exception <a 'java/lang/ClassNotFoundException'{0x00000007e77b7e98}: jdk/jfr/internal/handlers/EventHandler1582_1699428337376-61972> (0x00000007e77b7e98) 
thrown [open/src/hotspot/share/classfile/systemDictionary.cpp, line 256]
Event: 1.559 Thread 0x000000012713da00 Exception <a 'java/lang/ClassNotFoundException'{0x00000007e77c5240}: jdk/jfr/internal/handlers/EventHandler1585_1699428337376-61972> (0x00000007e77c5240) 
thrown [open/src/hotspot/share/classfile/systemDictionary.cpp, line 256]
Event: 1.559 Thread 0x000000012713da00 Exception <a 'java/lang/ClassNotFoundException'{0x00000007e77d2cc0}: jdk/jfr/internal/handlers/EventHandler1588_1699428337376-61972> (0x00000007e77d2cc0) 
thrown [open/src/hotspot/share/classfile/systemDictionary.cpp, line 256]
Event: 1.560 Thread 0x000000012713da00 Exception <a 'java/lang/ClassNotFoundException'{0x00000007e77deed0}: jdk/jfr/internal/handlers/EventHandler1591_1699428337376-61972> (0x00000007e77deed0) 
thrown [open/src/hotspot/share/classfile/systemDictionary.cpp, line 256]
Event: 1.606 Thread 0x000000012713da00 Exception <a 'java/lang/NoSuchMethodError'{0x00000007e71e1da8}: 'void java.lang.invoke.DirectMethodHandle$Holder.invokeStatic(java.lang.Object, java.lang.Object, int)'> (0x00000007e71e1da8) 
thrown [open/src/hotspot/share/interpreter/linkResolver.cpp, line 759]
Event: 1.606 Thread 0x000000012713da00 Exception <a 'java/lang/NoSuchMethodError'{0x00000007e71e7ef8}: 'java.lang.Object java.lang.invoke.DirectMethodHandle$Holder.newInvokeSpecial(java.lang.Object, java.lang.Object, int)'> (0x00000007e71e7ef8) 
thrown [open/src/hotspot/share/interpreter/linkResolver.cpp, line 759]
Event: 1.611 Thread 0x000000012713da00 Exception <a 'java/lang/NoSuchMethodError'{0x00000007e7018f88}: 'void java.lang.invoke.DirectMethodHandle$Holder.invokeSpecial(java.lang.Object, java.lang.Object, java.lang.Object)'> (0x00000007e7018f88) 
thrown [open/src/hotspot/share/interpreter/linkResolver.cpp, line 759]

VM Operations (20 events):
Event: 1.482 Executing VM operation: HandshakeAllThreads
Event: 1.482 Executing VM operation: HandshakeAllThreads done
Event: 1.491 Executing VM operation: HandshakeAllThreads
Event: 1.491 Executing VM operation: HandshakeAllThreads done
Event: 1.545 Executing VM operation: ICBufferFull
Event: 1.545 Executing VM operation: ICBufferFull done
Event: 1.592 Executing VM operation: ICBufferFull
Event: 1.592 Executing VM operation: ICBufferFull done
Event: 1.603 Executing VM operation: RedefineClasses
Event: 1.605 Executing VM operation: RedefineClasses done
Event: 1.609 Executing VM operation: HandshakeAllThreads
Event: 1.609 Executing VM operation: HandshakeAllThreads done
Event: 1.618 Executing VM operation: JFRCheckpoint
Event: 1.618 Executing VM operation: JFRCheckpoint done
Event: 1.620 Executing VM operation: JFROldObject
Event: 1.620 Executing VM operation: JFROldObject done
Event: 1.624 Executing VM operation: RedefineClasses
Event: 1.626 Executing VM operation: RedefineClasses done
Event: 1.627 Executing VM operation: ClassLoaderStatsOperation
Event: 1.627 Executing VM operation: ClassLoaderStatsOperation done

Events (20 events):
Event: 1.611 loading class jdk/jfr/internal/MetadataWriter
Event: 1.611 loading class jdk/jfr/internal/MetadataWriter done
Event: 1.611 loading class jdk/jfr/internal/MetadataDescriptor$Element
Event: 1.611 loading class jdk/jfr/internal/MetadataDescriptor$Element done
Event: 1.611 loading class jdk/jfr/internal/MetadataDescriptor$Attribute
Event: 1.611 loading class jdk/jfr/internal/MetadataDescriptor$Attribute done
Event: 1.614 loading class jdk/jfr/internal/consumer/StringParser$Encoding
Event: 1.614 loading class jdk/jfr/internal/consumer/StringParser$Encoding done
Event: 1.618 loading class jdk/jfr/internal/consumer/RepositoryFiles
Event: 1.618 loading class jdk/jfr/internal/consumer/RepositoryFiles done
Event: 1.619 loading class jdk/jfr/internal/SettingsManager$InternalSetting
Event: 1.619 loading class jdk/jfr/internal/SettingsManager$InternalSetting done
Event: 1.619 loading class java/util/concurrent/TimeUnit$1
Event: 1.619 loading class java/util/concurrent/TimeUnit$1 done
Event: 1.620 loading class jdk/jfr/internal/Utils$ThrottleUnit
Event: 1.620 loading class jdk/jfr/internal/Utils$ThrottleUnit done
Event: 1.620 loading class jdk/jfr/internal/EventInstrumentation
Event: 1.620 loading class jdk/jfr/internal/EventInstrumentation done
Event: 1.626 loading class jdk/jfr/internal/Bits
Event: 1.626 loading class jdk/jfr/internal/Bits done


Dynamic libraries:
0x0000000104fa8000 	/Library/Java/JavaVirtualMachines/jdk-17.jdk/Contents/Home/lib/libjli.dylib
0x000000019e931000 	/System/Library/Frameworks/Cocoa.framework/Versions/A/Cocoa
0x000000018a7bb000 	/System/Library/Frameworks/AppKit.framework/Versions/C/AppKit
0x000000018d15f000 	/System/Library/Frameworks/CoreData.framework/Versions/A/CoreData
0x000000018841f000 	/System/Library/Frameworks/Foundation.framework/Versions/C/Foundation
0x0000000192b2c000 	/usr/lib/libSystem.B.dylib
0x000000018b6c6000 	/System/Library/PrivateFrameworks/UIFoundation.framework/Versions/A/UIFoundation
0x00000001f31ba000 	/System/Library/PrivateFrameworks/CollectionViewCore.framework/Versions/A/CollectionViewCore
0x0000000198ddd000 	/System/Library/PrivateFrameworks/RemoteViewServices.framework/Versions/A/RemoteViewServices
0x0000000190f62000 	/System/Library/PrivateFrameworks/XCTTargetBootstrap.framework/Versions/A/XCTTargetBootstrap
0x00000001948c0000 	/System/Library/PrivateFrameworks/InternationalSupport.framework/Versions/A/InternationalSupport
0x0000000194947000 	/System/Library/PrivateFrameworks/UserActivity.framework/Versions/A/UserActivity
0x000000020a342000 	/System/Library/PrivateFrameworks/WindowManagement.framework/Versions/A/WindowManagement
0x00000001880e9000 	/System/Library/Frameworks/SystemConfiguration.framework/Versions/A/SystemConfiguration
0x0000000193dc4000 	/usr/lib/libspindump.dylib
0x000000018b86c000 	/System/Library/Frameworks/UniformTypeIdentifiers.framework/Versions/A/UniformTypeIdentifiers
0x000000018f276000 	/usr/lib/libapp_launch_measurement.dylib
0x000000018e726000 	/System/Library/PrivateFrameworks/CoreAnalytics.framework/Versions/A/CoreAnalytics
0x000000018f27d000 	/System/Library/PrivateFrameworks/CoreAutoLayout.framework/Versions/A/CoreAutoLayout
0x0000000190771000 	/System/Library/Frameworks/Metal.framework/Versions/A/Metal
0x00000001916c0000 	/usr/lib/liblangid.dylib
0x0000000190f68000 	/System/Library/PrivateFrameworks/CoreSVG.framework/Versions/A/CoreSVG
0x000000018c191000 	/System/Library/PrivateFrameworks/SkyLight.framework/Versions/A/SkyLight
0x000000018c5a9000 	/System/Library/Frameworks/CoreGraphics.framework/Versions/A/CoreGraphics
0x00000001994a8000 	/System/Library/Frameworks/Accelerate.framework/Versions/A/Accelerate
0x0000000193832000 	/System/Library/PrivateFrameworks/IconServices.framework/Versions/A/IconServices
0x0000000190751000 	/System/Library/Frameworks/IOSurface.framework/Versions/A/IOSurface
0x000000018e753000 	/usr/lib/libDiagnosticMessagesClient.dylib
0x0000000192a72000 	/usr/lib/libz.1.dylib
0x000000019c70f000 	/System/Library/Frameworks/ApplicationServices.framework/Versions/A/ApplicationServices
0x0000000190f4a000 	/System/Library/PrivateFrameworks/DFRFoundation.framework/Versions/A/DFRFoundation
0x000000018a039000 	/usr/lib/libicucore.A.dylib
0x0000000195850000 	/System/Library/Frameworks/AudioToolbox.framework/Versions/A/AudioToolbox
0x00000001948cb000 	/System/Library/PrivateFrameworks/DataDetectorsCore.framework/Versions/A/DataDetectorsCore
0x00000001ab9ce000 	/System/Library/PrivateFrameworks/TextInput.framework/Versions/A/TextInput
0x000000018c0f6000 	/usr/lib/libMobileGestalt.dylib
0x0000000190c16000 	/System/Library/Frameworks/Carbon.framework/Versions/A/Frameworks/HIToolbox.framework/Versions/A/HIToolbox
0x000000018ebfe000 	/System/Library/Frameworks/QuartzCore.framework/Versions/A/QuartzCore
0x0000000189c95000 	/System/Library/Frameworks/Security.framework/Versions/A/Security
0x0000000198e1d000 	/System/Library/Frameworks/Carbon.framework/Versions/A/Frameworks/SpeechRecognition.framework/Versions/A/SpeechRecognition
0x000000018efb5000 	/System/Library/PrivateFrameworks/CoreUI.framework/Versions/A/CoreUI
0x000000018958e000 	/System/Library/Frameworks/CoreAudio.framework/Versions/A/CoreAudio
0x000000018e82f000 	/System/Library/Frameworks/DiskArbitration.framework/Versions/A/DiskArbitration
0x00000001941f8000 	/System/Library/PrivateFrameworks/MultitouchSupport.framework/Versions/A/MultitouchSupport
0x000000018c0f4000 	/usr/lib/libenergytrace.dylib
0x000000018a67e000 	/System/Library/Frameworks/IOKit.framework/Versions/A/IOKit
0x0000000199204000 	/System/Library/Frameworks/CoreServices.framework/Versions/A/CoreServices
0x000000018f203000 	/System/Library/PrivateFrameworks/PerformanceAnalysis.framework/Versions/A/PerformanceAnalysis
0x00000001d67ea000 	/System/Library/Frameworks/OpenGL.framework/Versions/A/OpenGL
0x000000018f2c7000 	/usr/lib/libxml2.2.dylib
0x0000000192094000 	/System/Library/PrivateFrameworks/MobileKeyBag.framework/Versions/A/MobileKeyBag
0x0000000187120000 	/usr/lib/libobjc.A.dylib
0x00000001873d6000 	/usr/lib/libc++.1.dylib
0x000000018cbf4000 	/System/Library/Frameworks/ColorSync.framework/Versions/A/ColorSync
0x00000001874f3000 	/System/Library/Frameworks/CoreFoundation.framework/Versions/A/CoreFoundation
0x00000001912e2000 	/System/Library/Frameworks/CoreImage.framework/Versions/A/CoreImage
0x00000001893af000 	/System/Library/Frameworks/CoreText.framework/Versions/A/CoreText
0x0000000190fa1000 	/System/Library/Frameworks/ImageIO.framework/Versions/A/ImageIO
0x0000000192b32000 	/System/Library/PrivateFrameworks/SoftLinking.framework/Versions/A/SoftLinking
0x0000000192dc6000 	/usr/lib/libcompression.dylib
0x000000019481c000 	/System/Library/PrivateFrameworks/TextureIO.framework/Versions/A/TextureIO
0x0000000193504000 	/usr/lib/libate.dylib
0x0000000192b26000 	/usr/lib/system/libcache.dylib
0x0000000192adf000 	/usr/lib/system/libcommonCrypto.dylib
0x0000000192b0d000 	/usr/lib/system/libcompiler_rt.dylib
0x0000000192b03000 	/usr/lib/system/libcopyfile.dylib
0x0000000187254000 	/usr/lib/system/libcorecrypto.dylib
0x000000018730a000 	/usr/lib/system/libdispatch.dylib
0x000000018749b000 	/usr/lib/system/libdyld.dylib
0x0000000192b1c000 	/usr/lib/system/libkeymgr.dylib
0x0000000192abd000 	/usr/lib/system/libmacho.dylib
0x000000019218e000 	/usr/lib/system/libquarantine.dylib
0x0000000192b19000 	/usr/lib/system/libremovefile.dylib
0x000000018c15b000 	/usr/lib/system/libsystem_asl.dylib
0x00000001871f1000 	/usr/lib/system/libsystem_blocks.dylib
0x0000000187355000 	/usr/lib/system/libsystem_c.dylib
0x0000000192b11000 	/usr/lib/system/libsystem_collections.dylib
0x00000001916af000 	/usr/lib/system/libsystem_configuration.dylib
0x000000019071f000 	/usr/lib/system/libsystem_containermanager.dylib
0x00000001927c5000 	/usr/lib/system/libsystem_coreservices.dylib
0x000000018a2f0000 	/usr/lib/system/libsystem_darwin.dylib
0x0000000192b1d000 	/usr/lib/system/libsystem_dnssd.dylib
0x0000000187352000 	/usr/lib/system/libsystem_featureflags.dylib
0x00000001874c7000 	/usr/lib/system/libsystem_info.dylib
0x0000000192a84000 	/usr/lib/system/libsystem_m.dylib
0x00000001872de000 	/usr/lib/system/libsystem_malloc.dylib
0x000000018c0db000 	/usr/lib/system/libsystem_networkextension.dylib
0x000000018a75a000 	/usr/lib/system/libsystem_notify.dylib
0x00000001916b4000 	/usr/lib/system/libsystem_sandbox.dylib
0x0000000192b16000 	/usr/lib/system/libsystem_secinit.dylib
0x0000000187455000 	/usr/lib/system/libsystem_kernel.dylib
0x00000001874bf000 	/usr/lib/system/libsystem_platform.dylib
0x000000018748e000 	/usr/lib/system/libsystem_pthread.dylib
0x000000018d930000 	/usr/lib/system/libsystem_symptoms.dylib
0x000000018723a000 	/usr/lib/system/libsystem_trace.dylib
0x0000000192af0000 	/usr/lib/system/libunwind.dylib
0x00000001871f6000 	/usr/lib/system/libxpc.dylib
0x000000018743d000 	/usr/lib/libc++abi.dylib
0x0000000192afb000 	/usr/lib/liboah.dylib
0x00000001933c3000 	/usr/lib/liblzma.5.dylib
0x0000000192b2e000 	/usr/lib/libfakelink.dylib
0x000000018bd19000 	/System/Library/Frameworks/CFNetwork.framework/Versions/A/CFNetwork
0x0000000192c6d000 	/usr/lib/libarchive.2.dylib
0x000000019715b000 	/System/Library/Frameworks/Combine.framework/Versions/A/Combine
0x000000019521a000 	/usr/lib/swift/libswiftCore.dylib
0x00000001a8aa7000 	/usr/lib/swift/libswiftCoreFoundation.dylib
0x00000001a6983000 	/usr/lib/swift/libswiftDarwin.dylib
0x000000019a71c000 	/usr/lib/swift/libswiftDispatch.dylib
0x00000001a8ac8000 	/usr/lib/swift/libswiftIOKit.dylib
0x000000019cb32000 	/usr/lib/swift/libswiftObjectiveC.dylib
0x00000001a8abb000 	/usr/lib/swift/libswiftXPC.dylib
0x0000000210b6d000 	/usr/lib/swift/libswift_Concurrency.dylib
0x0000000210cbf000 	/usr/lib/swift/libswift_StringProcessing.dylib
0x000000019cb36000 	/usr/lib/swift/libswiftos.dylib
0x000000018a603000 	/System/Library/PrivateFrameworks/CoreServicesInternal.framework/Versions/A/CoreServicesInternal
0x00000001921b9000 	/usr/lib/libbsm.0.dylib
0x0000000192ac3000 	/usr/lib/system/libkxld.dylib
0x000000018f23f000 	/System/Library/Frameworks/CoreServices.framework/Versions/A/Frameworks/FSEvents.framework/Versions/A/FSEvents
0x000000018a2fb000 	/System/Library/Frameworks/CoreServices.framework/Versions/A/Frameworks/CarbonCore.framework/Versions/A/CarbonCore
0x000000018e796000 	/System/Library/Frameworks/CoreServices.framework/Versions/A/Frameworks/Metadata.framework/Versions/A/Metadata
0x00000001927cb000 	/System/Library/Frameworks/CoreServices.framework/Versions/A/Frameworks/OSServices.framework/Versions/A/OSServices
0x0000000192cf4000 	/System/Library/Frameworks/CoreServices.framework/Versions/A/Frameworks/SearchKit.framework/Versions/A/SearchKit
0x000000018d8b3000 	/System/Library/Frameworks/CoreServices.framework/Versions/A/Frameworks/AE.framework/Versions/A/AE
0x00000001879cb000 	/System/Library/Frameworks/CoreServices.framework/Versions/A/Frameworks/LaunchServices.framework/Versions/A/LaunchServices
0x000000019336c000 	/System/Library/Frameworks/CoreServices.framework/Versions/A/Frameworks/DictionaryServices.framework/Versions/A/DictionaryServices
0x000000018f24c000 	/System/Library/Frameworks/CoreServices.framework/Versions/A/Frameworks/SharedFileList.framework/Versions/A/SharedFileList
0x0000000192d93000 	/usr/lib/libapple_nghttp2.dylib
0x000000018bd15000 	/usr/lib/libnetwork.dylib
0x000000018d537000 	/usr/lib/libsqlite3.dylib
0x000000018d939000 	/System/Library/Frameworks/Network.framework/Versions/A/Network
0x000000020fcbf000 	/usr/lib/libCoreEntitlements.dylib
0x00000001fc79a000 	/System/Library/PrivateFrameworks/MessageSecurity.framework/Versions/A/MessageSecurity
0x000000018d51d000 	/System/Library/PrivateFrameworks/ProtocolBuffer.framework/Versions/A/ProtocolBuffer
0x00000001927a7000 	/System/Library/PrivateFrameworks/AppleFSCompression.framework/Versions/A/AppleFSCompression
0x00000001921a1000 	/usr/lib/libcoretls.dylib
0x00000001933dc000 	/usr/lib/libcoretls_cfhelpers.dylib
0x0000000192dc0000 	/usr/lib/libpam.2.dylib
0x0000000193442000 	/usr/lib/libxar.1.dylib
0x000000019380d000 	/usr/lib/libheimdal-asn1.dylib
0x0000000192b33000 	/usr/lib/libpcap.A.dylib
0x000000018d926000 	/usr/lib/libdns_services.dylib
0x00000001916bc000 	/System/Library/PrivateFrameworks/AppleSystemInfo.framework/Versions/A/AppleSystemInfo
0x0000000191e95000 	/System/Library/PrivateFrameworks/IOMobileFramebuffer.framework/Versions/A/IOMobileFramebuffer
0x00000001927b8000 	/usr/lib/libbz2.1.0.dylib
0x0000000192191000 	/usr/lib/libCheckFix.dylib
0x000000018c173000 	/System/Library/PrivateFrameworks/TCC.framework/Versions/A/TCC
0x00000001916c2000 	/System/Library/PrivateFrameworks/CoreNLP.framework/Versions/A/CoreNLP
0x000000018e755000 	/System/Library/PrivateFrameworks/MetadataUtilities.framework/Versions/A/MetadataUtilities
0x00000001921ca000 	/usr/lib/libmecab.dylib
0x0000000188173000 	/usr/lib/libCRFSuite.dylib
0x0000000192227000 	/usr/lib/libgermantok.dylib
0x0000000192d6c000 	/usr/lib/libThaiTokenizer.dylib
0x000000018e838000 	/System/Library/Frameworks/Accelerate.framework/Versions/A/Frameworks/vImage.framework/Versions/A/vImage
0x00000001991db000 	/System/Library/Frameworks/Accelerate.framework/Versions/A/Frameworks/vecLib.framework/Versions/A/vecLib
0x0000000193488000 	/System/Library/Frameworks/Accelerate.framework/Versions/A/Frameworks/vecLib.framework/Versions/A/libvMisc.dylib
0x0000000191d95000 	/System/Library/Frameworks/Accelerate.framework/Versions/A/Frameworks/vecLib.framework/Versions/A/libvDSP.dylib
0x0000000187d7f000 	/System/Library/Frameworks/Accelerate.framework/Versions/A/Frameworks/vecLib.framework/Versions/A/libBLAS.dylib
0x0000000192e98000 	/System/Library/Frameworks/Accelerate.framework/Versions/A/Frameworks/vecLib.framework/Versions/A/libLAPACK.dylib
0x000000019222a000 	/System/Library/Frameworks/Accelerate.framework/Versions/A/Frameworks/vecLib.framework/Versions/A/libLinearAlgebra.dylib
0x0000000192dab000 	/System/Library/Frameworks/Accelerate.framework/Versions/A/Frameworks/vecLib.framework/Versions/A/libSparseBLAS.dylib
0x0000000192e93000 	/System/Library/Frameworks/Accelerate.framework/Versions/A/Frameworks/vecLib.framework/Versions/A/libQuadrature.dylib
0x00000001917bb000 	/System/Library/Frameworks/Accelerate.framework/Versions/A/Frameworks/vecLib.framework/Versions/A/libBNNS.dylib
0x0000000188082000 	/System/Library/Frameworks/Accelerate.framework/Versions/A/Frameworks/vecLib.framework/Versions/A/libSparse.dylib
0x00000001fbad0000 	/System/Library/PrivateFrameworks/MIL.framework/Versions/A/MIL
0x0000000192b68000 	/usr/lib/libiconv.2.dylib
0x0000000192abc000 	/usr/lib/libcharset.1.dylib
0x000000018f21f000 	/System/Library/Frameworks/OpenDirectory.framework/Versions/A/Frameworks/CFOpenDirectory.framework/Versions/A/CFOpenDirectory
0x000000018f20f000 	/System/Library/Frameworks/OpenDirectory.framework/Versions/A/OpenDirectory
0x00000001933de000 	/System/Library/PrivateFrameworks/APFS.framework/Versions/A/APFS
0x00000001920cb000 	/System/Library/Frameworks/SecurityFoundation.framework/Versions/A/SecurityFoundation
0x0000000193451000 	/usr/lib/libutil.dylib
0x00000001fab51000 	/System/Library/PrivateFrameworks/InstalledContentLibrary.framework/Versions/A/InstalledContentLibrary
0x000000018a641000 	/System/Library/PrivateFrameworks/CoreServicesStore.framework/Versions/A/CoreServicesStore
0x00000001f1b87000 	/System/Library/PrivateFrameworks/AppleMobileFileIntegrity.framework/Versions/A/AppleMobileFileIntegrity
0x00000001a8a86000 	/usr/lib/libmis.dylib
0x00000001b69ab000 	/System/Library/PrivateFrameworks/MobileSystemServices.framework/Versions/A/MobileSystemServices
0x00000001d10f0000 	/System/Library/PrivateFrameworks/ConfigProfileHelper.framework/Versions/A/ConfigProfileHelper
0x0000000192d6e000 	/System/Library/PrivateFrameworks/AppleSauce.framework/Versions/A/AppleSauce
0x0000000188e58000 	/System/Library/PrivateFrameworks/LanguageModeling.framework/Versions/A/LanguageModeling
0x0000000193455000 	/usr/lib/libxslt.1.dylib
0x0000000192c5b000 	/usr/lib/libcmph.dylib
0x0000000191e82000 	/System/Library/PrivateFrameworks/CoreEmoji.framework/Versions/A/CoreEmoji
0x00000001917b5000 	/System/Library/PrivateFrameworks/LinguisticData.framework/Versions/A/LinguisticData
0x000000018803a000 	/System/Library/PrivateFrameworks/Lexicon.framework/Versions/A/Lexicon
0x000000019215e000 	/System/Library/PrivateFrameworks/BackgroundTaskManagement.framework/Versions/A/BackgroundTaskManagement
0x000000020fe5e000 	/usr/lib/libTLE.dylib
0x0000000210c0a000 	/usr/lib/swift/libswift_RegexParser.dylib
0x00000001940bd000 	/System/Library/PrivateFrameworks/AppleJPEG.framework/Versions/A/AppleJPEG
0x00000001937f2000 	/usr/lib/libexpat.1.dylib
0x000000019467e000 	/System/Library/Frameworks/ImageIO.framework/Versions/A/Resources/libPng.dylib
0x00000001946a9000 	/System/Library/Frameworks/ImageIO.framework/Versions/A/Resources/libTIFF.dylib
0x0000000194792000 	/System/Library/Frameworks/ImageIO.framework/Versions/A/Resources/libGIF.dylib
0x0000000194102000 	/System/Library/Frameworks/ImageIO.framework/Versions/A/Resources/libJP2.dylib
0x0000000194736000 	/System/Library/Frameworks/ImageIO.framework/Versions/A/Resources/libJPEG.dylib
0x000000019472d000 	/System/Library/Frameworks/ImageIO.framework/Versions/A/Resources/libRadiance.dylib
0x0000000190a9f000 	/System/Library/PrivateFrameworks/FontServices.framework/libFontParser.dylib
0x000000018d855000 	/System/Library/PrivateFrameworks/RunningBoardServices.framework/Versions/A/RunningBoardServices
0x000000019f062000 	/System/Library/PrivateFrameworks/IOSurfaceAccelerator.framework/Versions/A/IOSurfaceAccelerator
0x00000001941f4000 	/System/Library/PrivateFrameworks/WatchdogClient.framework/Versions/A/WatchdogClient
0x0000000188fd1000 	/System/Library/Frameworks/CoreDisplay.framework/Versions/A/CoreDisplay
0x0000000190979000 	/System/Library/Frameworks/CoreMedia.framework/Versions/A/CoreMedia
0x0000000190767000 	/System/Library/PrivateFrameworks/IOAccelerator.framework/Versions/A/IOAccelerator
0x000000018f3b0000 	/System/Library/Frameworks/CoreVideo.framework/Versions/A/CoreVideo
0x0000000192dbe000 	/System/Library/Frameworks/MetalPerformanceShaders.framework/Versions/A/MetalPerformanceShaders
0x0000000194233000 	/System/Library/Frameworks/VideoToolbox.framework/Versions/A/VideoToolbox
0x000000018d798000 	/System/Library/PrivateFrameworks/BaseBoard.framework/Versions/A/BaseBoard
0x0000000194728000 	/System/Library/PrivateFrameworks/GPUWrangler.framework/Versions/A/GPUWrangler
0x0000000194708000 	/System/Library/PrivateFrameworks/IOPresentment.framework/Versions/A/IOPresentment
0x0000000194730000 	/System/Library/PrivateFrameworks/DSExternalDisplay.framework/Versions/A/DSExternalDisplay
0x00000001f732b000 	/System/Library/PrivateFrameworks/GPUCompiler.framework/Versions/31001/Libraries/libllvm-flatbuffers.dylib
0x00000001d67dd000 	/System/Library/Frameworks/OpenGL.framework/Versions/A/Libraries/libCoreFSCache.dylib
0x00000001f7327000 	/System/Library/PrivateFrameworks/GPUCompiler.framework/Versions/31001/Libraries/libGPUCompilerUtils.dylib
0x0000000194798000 	/System/Library/PrivateFrameworks/CMCaptureCore.framework/Versions/A/CMCaptureCore
0x00000001ebdc6000 	/System/Library/Frameworks/ExtensionFoundation.framework/Versions/A/ExtensionFoundation
0x000000019aec3000 	/System/Library/PrivateFrameworks/CoreTime.framework/Versions/A/CoreTime
0x0000000193daf000 	/System/Library/PrivateFrameworks/AppServerSupport.framework/Versions/A/AppServerSupport
0x0000000196132000 	/System/Library/PrivateFrameworks/perfdata.framework/Versions/A/perfdata
0x00000001890f1000 	/System/Library/PrivateFrameworks/AudioToolboxCore.framework/Versions/A/AudioToolboxCore
0x000000019094f000 	/System/Library/PrivateFrameworks/caulk.framework/Versions/A/caulk
0x00000001959ef000 	/usr/lib/libAudioStatistics.dylib
0x00000001a7ec0000 	/System/Library/PrivateFrameworks/SystemPolicy.framework/Versions/A/SystemPolicy
0x0000000195c91000 	/usr/lib/libSMC.dylib
0x000000019e806000 	/System/Library/Frameworks/CoreMIDI.framework/Versions/A/CoreMIDI
0x000000019464b000 	/usr/lib/libAudioToolboxUtility.dylib
0x00000001a3c43000 	/System/Library/PrivateFrameworks/OSAServicesClient.framework/Versions/A/OSAServicesClient
0x000000019613f000 	/usr/lib/libperfcheck.dylib
0x00000001936dd000 	/System/Library/PrivateFrameworks/PlugInKit.framework/Versions/A/PlugInKit
0x00000001920bd000 	/System/Library/PrivateFrameworks/AssertionServices.framework/Versions/A/AssertionServices
0x00000001d683f000 	/System/Library/Frameworks/OpenGL.framework/Versions/A/Libraries/libGLU.dylib
0x00000001d67fe000 	/System/Library/Frameworks/OpenGL.framework/Versions/A/Libraries/libGFXShared.dylib
0x00000001d69e5000 	/System/Library/Frameworks/OpenGL.framework/Versions/A/Libraries/libGL.dylib
0x00000001d6807000 	/System/Library/Frameworks/OpenGL.framework/Versions/A/Libraries/libGLImage.dylib
0x00000001d67fb000 	/System/Library/Frameworks/OpenGL.framework/Versions/A/Libraries/libCVMSPluginSupport.dylib
0x000000020fe3d000 	/usr/lib/libRosetta.dylib
0x00000001d67e4000 	/System/Library/Frameworks/OpenGL.framework/Versions/A/Libraries/libCoreVMClient.dylib
0x0000000191634000 	/System/Library/Frameworks/MetalPerformanceShaders.framework/Versions/A/Frameworks/MPSCore.framework/Versions/A/MPSCore
0x000000019271d000 	/System/Library/Frameworks/MetalPerformanceShaders.framework/Versions/A/Frameworks/MPSImage.framework/Versions/A/MPSImage
0x000000019223f000 	/System/Library/Frameworks/MetalPerformanceShaders.framework/Versions/A/Frameworks/MPSNeuralNetwork.framework/Versions/A/MPSNeuralNetwork
0x000000019262b000 	/System/Library/Frameworks/MetalPerformanceShaders.framework/Versions/A/Frameworks/MPSMatrix.framework/Versions/A/MPSMatrix
0x000000019243d000 	/System/Library/Frameworks/MetalPerformanceShaders.framework/Versions/A/Frameworks/MPSRayIntersector.framework/Versions/A/MPSRayIntersector
0x0000000192659000 	/System/Library/Frameworks/MetalPerformanceShaders.framework/Versions/A/Frameworks/MPSNDArray.framework/Versions/A/MPSNDArray
0x00000001ed194000 	/System/Library/Frameworks/MetalPerformanceShaders.framework/Versions/A/Frameworks/MPSFunctions.framework/Versions/A/MPSFunctions
0x0000000187c45000 	/System/Library/PrivateFrameworks/MetalTools.framework/Versions/A/MetalTools
0x00000001916ba000 	/System/Library/PrivateFrameworks/AggregateDictionary.framework/Versions/A/AggregateDictionary
0x0000000193596000 	/usr/lib/libIOReport.dylib
0x000000019d9f6000 	/System/Library/PrivateFrameworks/ASEProcessing.framework/Versions/A/ASEProcessing
0x000000019394d000 	/System/Library/PrivateFrameworks/GraphVisualizer.framework/Versions/A/GraphVisualizer
0x00000001f7238000 	/System/Library/PrivateFrameworks/FontServices.framework/Versions/A/FontServices
0x0000000193d6d000 	/System/Library/PrivateFrameworks/OTSVG.framework/Versions/A/OTSVG
0x000000018ef63000 	/System/Library/Frameworks/ApplicationServices.framework/Versions/A/Frameworks/ATS.framework/Versions/A/Resources/libFontRegistry.dylib
0x0000000193db9000 	/System/Library/PrivateFrameworks/FontServices.framework/libhvf.dylib
0x00000001f7239000 	/System/Library/PrivateFrameworks/FontServices.framework/libXTFontStaticRegistryData.dylib
0x0000000209056000 	/System/Library/PrivateFrameworks/VideoToolboxParavirtualizationSupport.framework/Versions/A/VideoToolboxParavirtualizationSupport
0x00000001937a6000 	/System/Library/PrivateFrameworks/AppleVA.framework/Versions/A/AppleVA
0x0000000195a2f000 	/System/Library/Frameworks/ApplicationServices.framework/Versions/A/Frameworks/ATS.framework/Versions/A/ATS
0x000000018cce7000 	/System/Library/Frameworks/ApplicationServices.framework/Versions/A/Frameworks/HIServices.framework/Versions/A/HIServices
0x00000001947a4000 	/System/Library/Frameworks/ApplicationServices.framework/Versions/A/Frameworks/PrintCore.framework/Versions/A/PrintCore
0x0000000195dea000 	/System/Library/Frameworks/ApplicationServices.framework/Versions/A/Frameworks/QD.framework/Versions/A/QD
0x0000000195dde000 	/System/Library/Frameworks/ApplicationServices.framework/Versions/A/Frameworks/ColorSyncLegacy.framework/Versions/A/ColorSyncLegacy
0x0000000195a03000 	/System/Library/Frameworks/ApplicationServices.framework/Versions/A/Frameworks/SpeechSynthesis.framework/Versions/A/SpeechSynthesis
0x0000000194762000 	/System/Library/Frameworks/ApplicationServices.framework/Versions/A/Frameworks/ATSUI.framework/Versions/A/ATSUI
0x0000000195d71000 	/usr/lib/libcups.2.dylib
0x000000019614d000 	/System/Library/Frameworks/Kerberos.framework/Versions/A/Kerberos
0x000000019615e000 	/System/Library/Frameworks/GSS.framework/Versions/A/GSS
0x0000000195aa1000 	/usr/lib/libresolv.9.dylib
0x0000000193dc9000 	/System/Library/PrivateFrameworks/Heimdal.framework/Versions/A/Heimdal
0x000000019cab4000 	/System/Library/Frameworks/Kerberos.framework/Versions/A/Libraries/libHeimdalProxy.dylib
0x00000001961ae000 	/System/Library/PrivateFrameworks/CommonAuth.framework/Versions/A/CommonAuth
0x00000001eb000000 	/System/Library/Frameworks/AVFAudio.framework/Versions/A/AVFAudio
0x00000001a3c92000 	/System/Library/PrivateFrameworks/AXCoreUtilities.framework/Versions/A/AXCoreUtilities
0x000000019597b000 	/System/Library/PrivateFrameworks/AudioSession.framework/Versions/A/AudioSession
0x0000000196f12000 	/System/Library/Frameworks/IOBluetooth.framework/Versions/A/IOBluetooth
0x00000001938a7000 	/System/Library/PrivateFrameworks/MediaExperience.framework/Versions/A/MediaExperience
0x0000000195816000 	/System/Library/PrivateFrameworks/AudioSession.framework/libSessionUtility.dylib
0x0000000195df6000 	/System/Library/PrivateFrameworks/AudioResourceArbitration.framework/Versions/A/AudioResourceArbitration
0x0000000199df3000 	/System/Library/PrivateFrameworks/PowerLog.framework/Versions/A/PowerLog
0x0000000199d35000 	/System/Library/Frameworks/CoreBluetooth.framework/Versions/A/CoreBluetooth
0x000000019cab5000 	/System/Library/Frameworks/AudioUnit.framework/Versions/A/AudioUnit
0x0000000191f20000 	/System/Library/PrivateFrameworks/CoreUtils.framework/Versions/A/CoreUtils
0x00000001f5c3d000 	/System/Library/PrivateFrameworks/CoreUtilsExtras.framework/Versions/A/CoreUtilsExtras
0x00000001fa9ef000 	/System/Library/PrivateFrameworks/IO80211.framework/Versions/A/IO80211
0x0000000193817000 	/System/Library/PrivateFrameworks/IconFoundation.framework/Versions/A/IconFoundation
0x0000000198e09000 	/System/Library/PrivateFrameworks/SpeechRecognitionCore.framework/Versions/A/SpeechRecognitionCore
0x0000000105efc000 	/Library/Java/JavaVirtualMachines/jdk-17.jdk/Contents/Home/lib/server/libjvm.dylib
0x0000000104f5c000 	/Library/Java/JavaVirtualMachines/jdk-17.jdk/Contents/Home/lib/libjimage.dylib
0x00000001050fc000 	/private/var/folders/yf/gjfgf6ln6174lclcvt3pmlc00000gn/T/libasyncProfiler.so
0x0000000105068000 	/Library/Java/JavaVirtualMachines/jdk-17.jdk/Contents/Home/lib/libjava.dylib
0x00000001050cc000 	/Library/Java/JavaVirtualMachines/jdk-17.jdk/Contents/Home/lib/libnio.dylib
0x0000000105bac000 	/Library/Java/JavaVirtualMachines/jdk-17.jdk/Contents/Home/lib/libnet.dylib
0x0000000112b00000 	/Library/Java/JavaVirtualMachines/jdk-17.jdk/Contents/Home/lib/libzip.dylib


VM Arguments:
jvm_args: -Dorg.gradle.internal.worker.tmpdir=/Users/kangseungmin/Desktop/woowacourse/java-lotto-6/build/tmp/test/work -Dorg.gradle.native=false -agentpath:/private/var/folders/yf/gjfgf6ln6174lclcvt3pmlc00000gn/T/libasyncProfiler.so=start,jfr,event=cpu,interval=10ms,jfrsync=profile,cstack=no,file=/Users/kangseungmin/IdeaSnapshots/ApplicationTest___2023_11_08_162534.jfr,log=/private/var/folders/yf/gjfgf6ln6174lclcvt3pmlc00000gn/T/ApplicationTest___2023_11_08_162534.jfr.log.txt,logLevel=DEBUG -Xmx512m -Dfile.encoding=UTF-8 -Duser.country=KR -Duser.language=ko -Duser.variant -ea 
java_command: worker.org.gradle.process.internal.worker.GradleWorkerMain 'Gradle Test Executor 11'
java_class_path (initial): /Users/kangseungmin/.gradle/caches/8.1.1/workerMain/gradle-worker.jar:/Users/kangseungmin/Desktop/woowacourse/java-lotto-6/build/classes/java/test:/Users/kangseungmin/Desktop/woowacourse/java-lotto-6/build/classes/java/main:/Users/kangseungmin/.gradle/caches/modules-2/files-2.1/com.github.woowacourse-projects/mission-utils/1.1.0/a4b1a3600a51a05d44913c93181de7d143fadce2/mission-utils-1.1.0.jar:/Users/kangseungmin/.gradle/caches/modules-2/files-2.1/org.assertj/assertj-core/3.21.0/27a14d6d22c4e3d58f799fb2a5ca8eaf53e6942a/assertj-core-3.21.0.jar:/Users/kangseungmin/.gradle/caches/modules-2/files-2.1/org.junit.jupiter/junit-jupiter-params/5.8.1/13afdb5d414cbe991fce3ef6b864de77c9644dae/junit-jupiter-params-5.8.1.jar:/Users/kangseungmin/.gradle/caches/modules-2/files-2.1/org.junit.jupiter/junit-jupiter-engine/5.8.1/21b86e08aae2720bbf017703669948be96d1388c/junit-jupiter-engine-5.8.1.jar:/Users/kangseungmin/.gradle/caches/modules-2/files-2.1/org.junit.jupiter/junit-jupiter-api/5.8.1/6538b88eb8bf8811bc7b6efb5246f835c15e0bfe/junit-jupiter-api-5.8.1.jar:/Users/kangseungmin/.gradle/caches/modules-2/files-2.1/org.junit.platform/junit-platform-engine/1.8.1/e6c63bf990dc88a6527b4ed617b23e47048f07e0/junit-platform-engine-1.8.1.jar:/Users/kangseungmin/.gradle/caches/modules-2/files-2.1/org.junit.platform/junit-platform-commons/1.8.1/1e362cbe6d0f225b066757865e233972557484/junit-platform-commons-1.8.1.jar:/Users/kangseungmin/.gradle/caches/modules-2/files-2.1/org.junit.jupiter/junit-jupiter/5.8.1/73a218cf02d36d4e87bb9697fdbe0780e92b6bd3/junit-jupiter-5.8.1.jar:/Users/kangseungmin/.gradle/caches/modules-2/files-2.1/org.mockito/mockito-inline/3.12.4/3d1dffee9a8a1998ec782383ca2f818848f2d5f1/mockito-inline-3.12.4.jar:/Users/kangseungmin/.gradle/caches/modules-2/files-2.1/org.mockito/mockito-core/3.12.4/f9cdc14ea4a3573c0c0366d47d5ca960be24ddb6/mockito-core-3.12.4.jar:/Users/kangseungmin/.gradle/caches/modules-2/files-2.1/org.opentest4j/opentest4j/1.2.0/28c11eb91f
Launcher Type: SUN_STANDARD

[Global flags]
     intx CICompilerCount                          = 4                                         {product} {ergonomic}
     uint ConcGCThreads                            = 2                                         {product} {ergonomic}
     bool FlightRecorder                           = true                                      {product} {management}
     uint G1ConcRefinementThreads                  = 8                                         {product} {ergonomic}
   size_t G1HeapRegionSize                         = 1048576                                   {product} {ergonomic}
    uintx GCDrainStackTargetSize                   = 64                                        {product} {ergonomic}
   size_t InitialHeapSize                          = 134217728                                 {product} {ergonomic}
   size_t MarkStackSize                            = 4194304                                   {product} {ergonomic}
   size_t MaxHeapSize                              = 536870912                                 {product} {command line}
   size_t MaxNewSize                               = 321912832                                 {product} {ergonomic}
   size_t MinHeapDeltaBytes                        = 1048576                                   {product} {ergonomic}
   size_t MinHeapSize                              = 8388608                                   {product} {ergonomic}
    uintx NonNMethodCodeHeapSize                   = 5839564                                {pd product} {ergonomic}
    uintx NonProfiledCodeHeapSize                  = 122909338                              {pd product} {ergonomic}
    uintx ProfiledCodeHeapSize                     = 122909338                              {pd product} {ergonomic}
    uintx ReservedCodeCacheSize                    = 251658240                              {pd product} {ergonomic}
     bool SegmentedCodeCache                       = true                                      {product} {ergonomic}
   size_t SoftMaxHeapSize                          = 536870912                              {manageable} {ergonomic}
     bool UseCompressedClassPointers               = true                           {product lp64_product} {ergonomic}
     bool UseCompressedOops                        = true                           {product lp64_product} {ergonomic}
     bool UseG1GC                                  = true                                      {product} {ergonomic}
     bool UseNUMA                                  = false                                     {product} {ergonomic}
     bool UseNUMAInterleaving                      = false                                     {product} {ergonomic}

Logging:
Log output configuration:
 #0: stdout all=warning,jni+resolve=error uptime,level,tags (reconfigured)
 #1: stderr all=off uptime,level,tags

Environment Variables:
PATH=/opt/homebrew/Cellar/pyenv-virtualenv/1.2.1/shims:/Users/kangseungmin/.pyenv/shims:/Users/kangseungmin/opt/anaconda3/bin:/Users/kangseungmin/opt/anaconda3/condabin:/Users/kangseungmin/.nvm/versions/node/v18.9.0/bin:/opt/homebrew/bin:/opt/homebrew/sbin:/Library/Frameworks/Python.framework/Versions/3.9/bin:/Library/Frameworks/Python.framework/Versions/3.10/bin:/opt/homebrew/bin:/opt/homebrew/sbin:/usr/local/bin:/System/Cryptexes/App/usr/bin:/usr/bin:/bin:/usr/sbin:/sbin:/usr/local/share/dotnet:~/.dotnet/tools:/Library/Apple/usr/bin:/Users/kangseungmin/.pub-cache/bin
SHELL=/bin/zsh
LC_CTYPE=ko_KR.UTF-8

Signal Handlers:
   SIGSEGV: crash_handler in libjvm.dylib, mask=11100110000111110111111111111111, flags=SA_RESTART|SA_SIGINFO
    SIGBUS: crash_handler in libjvm.dylib, mask=11100110000111110111111111111111, flags=SA_RESTART|SA_SIGINFO
    SIGFPE: crash_handler in libjvm.dylib, mask=11100110000111110111111111111111, flags=SA_RESTART|SA_SIGINFO
   SIGPIPE: javaSignalHandler in libjvm.dylib, mask=11100110000111110111111111111111, flags=SA_RESTART|SA_SIGINFO
   SIGXFSZ: javaSignalHandler in libjvm.dylib, mask=11100110000111110111111111111111, flags=SA_RESTART|SA_SIGINFO
    SIGILL: crash_handler in libjvm.dylib, mask=11100110000111110111111111111111, flags=SA_RESTART|SA_SIGINFO
   SIGUSR2: SR_handler in libjvm.dylib, mask=00100000000000000000000000000000, flags=SA_RESTART|SA_SIGINFO
    SIGHUP: UserHandler in libjvm.dylib, mask=11100110000111110111111111111111, flags=SA_RESTART|SA_SIGINFO
    SIGINT: UserHandler in libjvm.dylib, mask=11100110000111110111111111111111, flags=SA_RESTART|SA_SIGINFO
   SIGTERM: UserHandler in libjvm.dylib, mask=11100110000111110111111111111111, flags=SA_RESTART|SA_SIGINFO
   SIGQUIT: UserHandler in libjvm.dylib, mask=11100110000111110111111111111111, flags=SA_RESTART|SA_SIGINFO
   SIGTRAP: crash_handler in libjvm.dylib, mask=11100110000111110111111111111111, flags=SA_RESTART|SA_SIGINFO


---------------  S Y S T E M  ---------------

OS:
uname: Darwin 22.2.0 Darwin Kernel Version 22.2.0: Fri Nov 11 02:06:26 PST 2022; root:xnu-8792.61.2~4/RELEASE_ARM64_T8112 arm64
OS uptime: 57 days 5:59 hours
rlimit (soft/hard): STACK 8176k/65520k , CORE 0k/infinity , NPROC 1333/2000 , NOFILE 10240/infinity , AS infinity/infinity , CPU infinity/infinity , DATA infinity/infinity , FSIZE infinity/infinity , MEMLOCK infinity/infinity , RSS infinity/infinity
load average: 2.97 3.83 3.97

CPU: total 8 (initial active 8) 0x61:0x0:0xda33d83d:0, fp, simd, crc, lse

Memory: 16k page, physical 8388608k(135216k free), swap 10485760k(1689536k free)

vm_info: Java HotSpot(TM) 64-Bit Server VM (17.0.7+8-LTS-224) for bsd-aarch64 JRE (17.0.7+8-LTS-224), built on Feb 28 2023 22:59:37 by "mach5one" with clang Apple LLVM 12.0.0 (clang-1200.0.32.29)

END.
